<?xml version="1.0" encoding="UTF-8" ?>
<testsuites name="vitest tests" tests="931" failures="0" errors="0" time="7.74133704">
    <testsuite name="packages/core/test/api-wrapper.test.ts" timestamp="2025-07-10T02:12:14.324Z" hostname="Davids-Mac-mini.local" tests="27" failures="0" errors="0" skipped="0" time="0.007339084">
        <testcase classname="packages/core/test/api-wrapper.test.ts" name="APIWrapper &gt; wrapAPIMethod &gt; should execute successful API method and log correctly" time="0.002000375">
        </testcase>
        <testcase classname="packages/core/test/api-wrapper.test.ts" name="APIWrapper &gt; wrapAPIMethod &gt; should handle undefined result correctly" time="0.00017925">
        </testcase>
        <testcase classname="packages/core/test/api-wrapper.test.ts" name="APIWrapper &gt; wrapAPIMethod &gt; should handle validation errors and log them" time="0.000748917">
        </testcase>
        <testcase classname="packages/core/test/api-wrapper.test.ts" name="APIWrapper &gt; wrapAPIMethod &gt; should handle implementation errors and log them" time="0.00023375">
        </testcase>
        <testcase classname="packages/core/test/api-wrapper.test.ts" name="APIWrapper &gt; wrapAPIMethod &gt; should convert non-Error exceptions to Error objects" time="0.000246708">
        </testcase>
        <testcase classname="packages/core/test/api-wrapper.test.ts" name="APIWrapper &gt; wrapAPIMethod &gt; should work with synchronous implementations" time="0.000110208">
        </testcase>
        <testcase classname="packages/core/test/api-wrapper.test.ts" name="APIWrapper &gt; validateNumber &gt; should pass for valid finite numbers" time="0.000163417">
        </testcase>
        <testcase classname="packages/core/test/api-wrapper.test.ts" name="APIWrapper &gt; validateNumber &gt; should throw for non-numbers" time="0.000222583">
        </testcase>
        <testcase classname="packages/core/test/api-wrapper.test.ts" name="APIWrapper &gt; validateNumber &gt; should throw for infinite numbers" time="0.000184708">
        </testcase>
        <testcase classname="packages/core/test/api-wrapper.test.ts" name="APIWrapper &gt; validateString &gt; should pass for valid strings" time="0.00011425">
        </testcase>
        <testcase classname="packages/core/test/api-wrapper.test.ts" name="APIWrapper &gt; validateString &gt; should throw for non-strings" time="0.00009475">
        </testcase>
        <testcase classname="packages/core/test/api-wrapper.test.ts" name="APIWrapper &gt; validateString &gt; should handle empty string validation" time="0.000069625">
        </testcase>
        <testcase classname="packages/core/test/api-wrapper.test.ts" name="APIWrapper &gt; validateString &gt; should default to not allowing empty strings" time="0.000045208">
        </testcase>
        <testcase classname="packages/core/test/api-wrapper.test.ts" name="APIWrapper &gt; validateOptionalString &gt; should pass for valid strings" time="0.000072416">
        </testcase>
        <testcase classname="packages/core/test/api-wrapper.test.ts" name="APIWrapper &gt; validateOptionalString &gt; should pass for undefined" time="0.000043834">
        </testcase>
        <testcase classname="packages/core/test/api-wrapper.test.ts" name="APIWrapper &gt; validateOptionalString &gt; should throw for non-string non-undefined values" time="0.000072916">
        </testcase>
        <testcase classname="packages/core/test/api-wrapper.test.ts" name="APIWrapper &gt; validateCalendarId &gt; should throw for non-empty calendar IDs with feature not implemented" time="0.000087083">
        </testcase>
        <testcase classname="packages/core/test/api-wrapper.test.ts" name="APIWrapper &gt; validateCalendarId &gt; should pass for undefined" time="0.000052583">
        </testcase>
        <testcase classname="packages/core/test/api-wrapper.test.ts" name="APIWrapper &gt; validateCalendarId &gt; should throw for invalid types" time="0.000056125">
        </testcase>
        <testcase classname="packages/core/test/api-wrapper.test.ts" name="APIWrapper &gt; validateCalendarId &gt; should handle empty strings" time="0.000163916">
        </testcase>
        <testcase classname="packages/core/test/api-wrapper.test.ts" name="APIWrapper &gt; validateCalendarDate &gt; should pass for valid calendar date objects" time="0.000129917">
        </testcase>
        <testcase classname="packages/core/test/api-wrapper.test.ts" name="APIWrapper &gt; validateCalendarDate &gt; should throw for non-object dates" time="0.000141792">
        </testcase>
        <testcase classname="packages/core/test/api-wrapper.test.ts" name="APIWrapper &gt; validateCalendarDate &gt; should throw for objects missing required properties" time="0.000136">
        </testcase>
        <testcase classname="packages/core/test/api-wrapper.test.ts" name="APIWrapper &gt; validateCalendarDate &gt; should throw for objects with invalid property types" time="0.000425833">
        </testcase>
        <testcase classname="packages/core/test/api-wrapper.test.ts" name="APIWrapper &gt; validateCalendarDate &gt; should use default parameter name" time="0.000095125">
        </testcase>
        <testcase classname="packages/core/test/api-wrapper.test.ts" name="APIWrapper &gt; validation integration &gt; should work together in a complex validation scenario" time="0.000130208">
        </testcase>
        <testcase classname="packages/core/test/api-wrapper.test.ts" name="APIWrapper &gt; validation integration &gt; should fail early on first validation error" time="0.000179458">
        </testcase>
    </testsuite>
    <testsuite name="packages/core/test/calendar-changed-hook.test.ts" timestamp="2025-07-10T02:12:14.326Z" hostname="Davids-Mac-mini.local" tests="6" failures="0" errors="0" skipped="0" time="0.00275775">
        <testcase classname="packages/core/test/calendar-changed-hook.test.ts" name="Seasons Warning State Management Functions &gt; should initialize with warning state false" time="0.000809833">
        </testcase>
        <testcase classname="packages/core/test/calendar-changed-hook.test.ts" name="Seasons Warning State Management Functions &gt; should allow setting warning state to true" time="0.000140125">
        </testcase>
        <testcase classname="packages/core/test/calendar-changed-hook.test.ts" name="Seasons Warning State Management Functions &gt; should allow setting warning state to false" time="0.000107667">
        </testcase>
        <testcase classname="packages/core/test/calendar-changed-hook.test.ts" name="Seasons Warning State Management Functions &gt; should reset warning state to false" time="0.000057375">
        </testcase>
        <testcase classname="packages/core/test/calendar-changed-hook.test.ts" name="Seasons Warning State Management Functions &gt; should handle multiple rapid state changes" time="0.00014975">
        </testcase>
        <testcase classname="packages/core/test/calendar-changed-hook.test.ts" name="Seasons Warning State Management Functions &gt; should test setupAPI function exists and can be called" time="0.000890792">
        </testcase>
    </testsuite>
    <testsuite name="packages/core/test/calendar-click-behavior.test.ts" timestamp="2025-07-10T02:12:14.326Z" hostname="Davids-Mac-mini.local" tests="25" failures="0" errors="0" skipped="0" time="0.032757958">
        <testcase classname="packages/core/test/calendar-click-behavior.test.ts" name="Calendar Click Behavior Feature &gt; Core Click Behavior Logic &gt; should handle normal click in setDate mode (GM)" time="0.007156666">
        </testcase>
        <testcase classname="packages/core/test/calendar-click-behavior.test.ts" name="Calendar Click Behavior Feature &gt; Core Click Behavior Logic &gt; should handle normal click in viewDetails mode" time="0.000553875">
        </testcase>
        <testcase classname="packages/core/test/calendar-click-behavior.test.ts" name="Calendar Click Behavior Feature &gt; Core Click Behavior Logic &gt; should handle Ctrl+Click override in viewDetails mode (GM)" time="0.000516458">
        </testcase>
        <testcase classname="packages/core/test/calendar-click-behavior.test.ts" name="Calendar Click Behavior Feature &gt; Core Click Behavior Logic &gt; should handle Cmd+Click override in viewDetails mode (GM)" time="0.000255541">
        </testcase>
        <testcase classname="packages/core/test/calendar-click-behavior.test.ts" name="Calendar Click Behavior Feature &gt; Core Click Behavior Logic &gt; should prevent non-GM from setting dates" time="0.000276042">
        </testcase>
        <testcase classname="packages/core/test/calendar-click-behavior.test.ts" name="Calendar Click Behavior Feature &gt; Core Click Behavior Logic &gt; should prevent non-GM Ctrl+Click from setting dates" time="0.000244375">
        </testcase>
        <testcase classname="packages/core/test/calendar-click-behavior.test.ts" name="Calendar Click Behavior Feature &gt; Intercalary Day Handling &gt; should handle intercalary day selection" time="0.00856">
        </testcase>
        <testcase classname="packages/core/test/calendar-click-behavior.test.ts" name="Calendar Click Behavior Feature &gt; Intercalary Day Handling &gt; should show intercalary day info in viewDetails mode" time="0.000658584">
        </testcase>
        <testcase classname="packages/core/test/calendar-click-behavior.test.ts" name="Calendar Click Behavior Feature &gt; Error Handling &gt; should handle setCurrentDate errors gracefully" time="0.00364625">
            <system-err>
[S&amp;S ERROR] Failed to set date Error: Test error
    at [90m/Users/rayners/Code/personal/fvtt-seasons-and-stars/[39mpackages/core/test/calendar-click-behavior.test.ts:276:61
    at [90mfile:///Users/rayners/Code/personal/fvtt-seasons-and-stars/[39mnode_modules/[4m@vitest[24m/runner/dist/chunk-hooks.js:155:11
    at [90mfile:///Users/rayners/Code/personal/fvtt-seasons-and-stars/[39mnode_modules/[4m@vitest[24m/runner/dist/chunk-hooks.js:752:26
    at [90mfile:///Users/rayners/Code/personal/fvtt-seasons-and-stars/[39mnode_modules/[4m@vitest[24m/runner/dist/chunk-hooks.js:1897:20
    at new Promise (&lt;anonymous&gt;)
    at runWithTimeout [90m(file:///Users/rayners/Code/personal/fvtt-seasons-and-stars/[39mnode_modules/[4m@vitest[24m/runner/dist/chunk-hooks.js:1863:10[90m)[39m
    at runTest [90m(file:///Users/rayners/Code/personal/fvtt-seasons-and-stars/[39mnode_modules/[4m@vitest[24m/runner/dist/chunk-hooks.js:1574:12[90m)[39m
[90m    at processTicksAndRejections (node:internal/process/task_queues:105:5)[39m
    at runSuite [90m(file:///Users/rayners/Code/personal/fvtt-seasons-and-stars/[39mnode_modules/[4m@vitest[24m/runner/dist/chunk-hooks.js:1729:8[90m)[39m
    at runSuite [90m(file:///Users/rayners/Code/personal/fvtt-seasons-and-stars/[39mnode_modules/[4m@vitest[24m/runner/dist/chunk-hooks.js:1729:8[90m)[39m

            </system-err>
        </testcase>
        <testcase classname="packages/core/test/calendar-click-behavior.test.ts" name="Calendar Click Behavior Feature &gt; Error Handling &gt; should handle showDateInfo errors gracefully" time="0.001863041">
            <system-err>
[S&amp;S ERROR] Failed to show date info Error: Test error
    at CalendarEngine.&lt;anonymous&gt; [90m(/Users/rayners/Code/personal/fvtt-seasons-and-stars/[39mpackages/core/test/calendar-click-behavior.test.ts:292:15[90m)[39m
    at CalendarEngine.mockCall [90m(file:///Users/rayners/Code/personal/fvtt-seasons-and-stars/[39mnode_modules/[4m@vitest[24m/spy/dist/index.js:96:15[90m)[39m
    at CalendarEngine.getCalendar [90m(file:///Users/rayners/Code/personal/fvtt-seasons-and-stars/[39mnode_modules/[4mtinyspy[24m/dist/index.js:47:103[90m)[39m
    at CalendarGridWidget.showDateInfo [90m(/Users/rayners/Code/personal/fvtt-seasons-and-stars/[39mpackages/core/src/ui/calendar-grid-widget.ts:757:31[90m)[39m
    at CalendarGridWidget._onSelectDate [90m(/Users/rayners/Code/personal/fvtt-seasons-and-stars/[39mpackages/core/src/ui/calendar-grid-widget.ts:656:19[90m)[39m
    at [90m/Users/rayners/Code/personal/fvtt-seasons-and-stars/[39mpackages/core/test/calendar-click-behavior.test.ts:295:20
    at [90mfile:///Users/rayners/Code/personal/fvtt-seasons-and-stars/[39mnode_modules/[4m@vitest[24m/runner/dist/chunk-hooks.js:155:11
    at [90mfile:///Users/rayners/Code/personal/fvtt-seasons-and-stars/[39mnode_modules/[4m@vitest[24m/runner/dist/chunk-hooks.js:752:26
    at [90mfile:///Users/rayners/Code/personal/fvtt-seasons-and-stars/[39mnode_modules/[4m@vitest[24m/runner/dist/chunk-hooks.js:1897:20
    at new Promise (&lt;anonymous&gt;)

            </system-err>
        </testcase>
        <testcase classname="packages/core/test/calendar-click-behavior.test.ts" name="Calendar Click Behavior Feature &gt; Error Handling &gt; should handle missing manager gracefully" time="0.00049775">
        </testcase>
        <testcase classname="packages/core/test/calendar-click-behavior.test.ts" name="Calendar Click Behavior Feature &gt; Error Handling &gt; should handle missing engine gracefully" time="0.000148292">
        </testcase>
        <testcase classname="packages/core/test/calendar-click-behavior.test.ts" name="Calendar Click Behavior Feature &gt; Edge Cases &gt; should handle invalid day numbers" time="0.000179292">
        </testcase>
        <testcase classname="packages/core/test/calendar-click-behavior.test.ts" name="Calendar Click Behavior Feature &gt; Edge Cases &gt; should handle missing day data" time="0.000166375">
        </testcase>
        <testcase classname="packages/core/test/calendar-click-behavior.test.ts" name="Calendar Click Behavior Feature &gt; Edge Cases &gt; should handle missing intercalary day name" time="0.000409208">
        </testcase>
        <testcase classname="packages/core/test/calendar-click-behavior.test.ts" name="Calendar Click Behavior Feature &gt; Edge Cases &gt; should handle missing current date time" time="0.000336959">
        </testcase>
        <testcase classname="packages/core/test/calendar-click-behavior.test.ts" name="Calendar Click Behavior Feature &gt; UI Hint Generation &gt; should generate correct GM hints in setDate mode" time="0.000859584">
        </testcase>
        <testcase classname="packages/core/test/calendar-click-behavior.test.ts" name="Calendar Click Behavior Feature &gt; UI Hint Generation &gt; should generate correct GM hints in viewDetails mode" time="0.0008845">
        </testcase>
        <testcase classname="packages/core/test/calendar-click-behavior.test.ts" name="Calendar Click Behavior Feature &gt; UI Hint Generation &gt; should generate correct player hints" time="0.001163458">
        </testcase>
        <testcase classname="packages/core/test/calendar-click-behavior.test.ts" name="Calendar Click Behavior Feature &gt; UI Hint Generation &gt; should handle undefined user gracefully" time="0.000250041">
        </testcase>
        <testcase classname="packages/core/test/calendar-click-behavior.test.ts" name="Calendar Click Behavior Feature &gt; Helper Methods &gt; should generate correct ordinal suffixes" time="0.001221042">
        </testcase>
        <testcase classname="packages/core/test/calendar-click-behavior.test.ts" name="Calendar Click Behavior Feature &gt; Helper Methods &gt; should format years with prefix and suffix" time="0.000162458">
        </testcase>
        <testcase classname="packages/core/test/calendar-click-behavior.test.ts" name="Calendar Click Behavior Feature &gt; Integration with Real Calendar Data &gt; should format year with prefix and suffix in notifications" time="0.000397417">
        </testcase>
        <testcase classname="packages/core/test/calendar-click-behavior.test.ts" name="Calendar Click Behavior Feature &gt; Integration with Real Calendar Data &gt; should work with calendar containing month descriptions" time="0.000228667">
        </testcase>
        <testcase classname="packages/core/test/calendar-click-behavior.test.ts" name="Calendar Click Behavior Feature &gt; Integration with Real Calendar Data &gt; should handle missing month gracefully" time="0.00024775">
        </testcase>
    </testsuite>
    <testsuite name="packages/core/test/calendar-date-formatting.test.ts" timestamp="2025-07-10T02:12:14.327Z" hostname="Davids-Mac-mini.local" tests="30" failures="0" errors="0" skipped="0" time="0.012099458">
        <testcase classname="packages/core/test/calendar-date-formatting.test.ts" name="CalendarDate Formatting &gt; Basic Format Method &gt; should format date with template and options" time="0.001522166">
        </testcase>
        <testcase classname="packages/core/test/calendar-date-formatting.test.ts" name="CalendarDate Formatting &gt; Basic Format Method &gt; should format date with includeTime option" time="0.000209208">
        </testcase>
        <testcase classname="packages/core/test/calendar-date-formatting.test.ts" name="CalendarDate Formatting &gt; Basic Format Method &gt; should format date with numeric format option" time="0.00016775">
        </testcase>
        <testcase classname="packages/core/test/calendar-date-formatting.test.ts" name="CalendarDate Formatting &gt; Basic Format Method &gt; should handle intercalary days" time="0.000813333">
        </testcase>
        <testcase classname="packages/core/test/calendar-date-formatting.test.ts" name="CalendarDate Formatting &gt; String Formatting Methods &gt; should generate short string format" time="0.000149417">
        </testcase>
        <testcase classname="packages/core/test/calendar-date-formatting.test.ts" name="CalendarDate Formatting &gt; String Formatting Methods &gt; should generate short string for calendar without dateFormats" time="0.00009625">
        </testcase>
        <testcase classname="packages/core/test/calendar-date-formatting.test.ts" name="CalendarDate Formatting &gt; String Formatting Methods &gt; should generate long string format" time="0.000092083">
        </testcase>
        <testcase classname="packages/core/test/calendar-date-formatting.test.ts" name="CalendarDate Formatting &gt; String Formatting Methods &gt; should generate long string for calendar without dateFormats" time="0.000129875">
        </testcase>
        <testcase classname="packages/core/test/calendar-date-formatting.test.ts" name="CalendarDate Formatting &gt; String Formatting Methods &gt; should generate date string format" time="0.000235958">
        </testcase>
        <testcase classname="packages/core/test/calendar-date-formatting.test.ts" name="CalendarDate Formatting &gt; String Formatting Methods &gt; should generate date string for calendar without dateFormats" time="0.000089167">
        </testcase>
        <testcase classname="packages/core/test/calendar-date-formatting.test.ts" name="CalendarDate Formatting &gt; String Formatting Methods &gt; should generate time string format" time="0.000081875">
        </testcase>
        <testcase classname="packages/core/test/calendar-date-formatting.test.ts" name="CalendarDate Formatting &gt; String Formatting Methods &gt; should handle empty time string when no time present" time="0.000047">
        </testcase>
        <testcase classname="packages/core/test/calendar-date-formatting.test.ts" name="CalendarDate Formatting &gt; String Formatting Methods &gt; should generate time string for calendar without time format" time="0.000045625">
        </testcase>
        <testcase classname="packages/core/test/calendar-date-formatting.test.ts" name="CalendarDate Formatting &gt; Format Fallback Handling &gt; should fallback to basic format when template fails" time="0.00473">
            <system-out>
[S&amp;S] Date format template compilation failed: Error: Template compilation failed
    at Object.&lt;anonymous&gt; [90m(/Users/rayners/Code/personal/fvtt-seasons-and-stars/[39mpackages/core/test/calendar-date-formatting.test.ts:352:15[90m)[39m
    at Object.mockCall [90m(file:///Users/rayners/Code/personal/fvtt-seasons-and-stars/[39mnode_modules/[4m@vitest[24m/spy/dist/index.js:96:15[90m)[39m
    at Object.spy [as compile] [90m(file:///Users/rayners/Code/personal/fvtt-seasons-and-stars/[39mnode_modules/[4mtinyspy[24m/dist/index.js:47:103[90m)[39m
    at DateFormatter.compileAndCacheTemplate [90m(/Users/rayners/Code/personal/fvtt-seasons-and-stars/[39mpackages/core/src/core/date-formatter.ts:166:37[90m)[39m
    at DateFormatter.formatWithContext [90m(/Users/rayners/Code/personal/fvtt-seasons-and-stars/[39mpackages/core/src/core/date-formatter.ts:193:37[90m)[39m
    at DateFormatter.formatWidget [90m(/Users/rayners/Code/personal/fvtt-seasons-and-stars/[39mpackages/core/src/core/date-formatter.ts:315:17[90m)[39m
    at CalendarDate.toShortString [90m(/Users/rayners/Code/personal/fvtt-seasons-and-stars/[39mpackages/core/src/core/calendar-date.ts:165:29[90m)[39m
    at [90m/Users/rayners/Code/personal/fvtt-seasons-and-stars/[39mpackages/core/test/calendar-date-formatting.test.ts:364:27
    at [90mfile:///Users/rayners/Code/personal/fvtt-seasons-and-stars/[39mnode_modules/[4m@vitest[24m/runner/dist/chunk-hooks.js:155:11
    at [90mfile:///Users/rayners/Code/personal/fvtt-seasons-and-stars/[39mnode_modules/[4m@vitest[24m/runner/dist/chunk-hooks.js:752:26

            </system-out>
            <system-err>
[S&amp;S] Calendar &quot;Test Calendar&quot; has syntax errors in &quot;widgets.mini&quot; format: Template compilation failed

            </system-err>
        </testcase>
        <testcase classname="packages/core/test/calendar-date-formatting.test.ts" name="CalendarDate Formatting &gt; Format Fallback Handling &gt; should fallback to basic format when long string fails" time="0.000446291">
            <system-out>
[S&amp;S] Date format template compilation failed: Error: Template compilation failed
    at Object.&lt;anonymous&gt; [90m(/Users/rayners/Code/personal/fvtt-seasons-and-stars/[39mpackages/core/test/calendar-date-formatting.test.ts:373:15[90m)[39m
    at Object.mockCall [90m(file:///Users/rayners/Code/personal/fvtt-seasons-and-stars/[39mnode_modules/[4m@vitest[24m/spy/dist/index.js:96:15[90m)[39m
    at Object.spy [as compile] [90m(file:///Users/rayners/Code/personal/fvtt-seasons-and-stars/[39mnode_modules/[4mtinyspy[24m/dist/index.js:47:103[90m)[39m
    at DateFormatter.compileAndCacheTemplate [90m(/Users/rayners/Code/personal/fvtt-seasons-and-stars/[39mpackages/core/src/core/date-formatter.ts:166:37[90m)[39m
    at DateFormatter.formatWithContext [90m(/Users/rayners/Code/personal/fvtt-seasons-and-stars/[39mpackages/core/src/core/date-formatter.ts:193:37[90m)[39m
    at DateFormatter.formatWidget [90m(/Users/rayners/Code/personal/fvtt-seasons-and-stars/[39mpackages/core/src/core/date-formatter.ts:315:17[90m)[39m
    at CalendarDate.toLongString [90m(/Users/rayners/Code/personal/fvtt-seasons-and-stars/[39mpackages/core/src/core/calendar-date.ts:193:29[90m)[39m
    at [90m/Users/rayners/Code/personal/fvtt-seasons-and-stars/[39mpackages/core/test/calendar-date-formatting.test.ts:386:27
    at [90mfile:///Users/rayners/Code/personal/fvtt-seasons-and-stars/[39mnode_modules/[4m@vitest[24m/runner/dist/chunk-hooks.js:155:11
    at [90mfile:///Users/rayners/Code/personal/fvtt-seasons-and-stars/[39mnode_modules/[4m@vitest[24m/runner/dist/chunk-hooks.js:752:26

            </system-out>
            <system-err>
[S&amp;S] Calendar &quot;Test Calendar&quot; has syntax errors in &quot;widgets.main&quot; format: Template compilation failed

            </system-err>
        </testcase>
        <testcase classname="packages/core/test/calendar-date-formatting.test.ts" name="CalendarDate Formatting &gt; Format Fallback Handling &gt; should fallback to basic format when date string fails" time="0.0002815">
            <system-out>
[S&amp;S] Date format template compilation failed: Error: Template compilation failed
    at Object.&lt;anonymous&gt; [90m(/Users/rayners/Code/personal/fvtt-seasons-and-stars/[39mpackages/core/test/calendar-date-formatting.test.ts:395:15[90m)[39m
    at Object.mockCall [90m(file:///Users/rayners/Code/personal/fvtt-seasons-and-stars/[39mnode_modules/[4m@vitest[24m/spy/dist/index.js:96:15[90m)[39m
    at Object.spy [as compile] [90m(file:///Users/rayners/Code/personal/fvtt-seasons-and-stars/[39mnode_modules/[4mtinyspy[24m/dist/index.js:47:103[90m)[39m
    at DateFormatter.compileAndCacheTemplate [90m(/Users/rayners/Code/personal/fvtt-seasons-and-stars/[39mpackages/core/src/core/date-formatter.ts:166:37[90m)[39m
    at DateFormatter.formatWithContext [90m(/Users/rayners/Code/personal/fvtt-seasons-and-stars/[39mpackages/core/src/core/date-formatter.ts:193:37[90m)[39m
    at DateFormatter.formatNamed [90m(/Users/rayners/Code/personal/fvtt-seasons-and-stars/[39mpackages/core/src/core/date-formatter.ts:296:17[90m)[39m
    at CalendarDate.toDateString [90m(/Users/rayners/Code/personal/fvtt-seasons-and-stars/[39mpackages/core/src/core/calendar-date.ts:232:29[90m)[39m
    at [90m/Users/rayners/Code/personal/fvtt-seasons-and-stars/[39mpackages/core/test/calendar-date-formatting.test.ts:407:27
    at [90mfile:///Users/rayners/Code/personal/fvtt-seasons-and-stars/[39mnode_modules/[4m@vitest[24m/runner/dist/chunk-hooks.js:155:11
    at [90mfile:///Users/rayners/Code/personal/fvtt-seasons-and-stars/[39mnode_modules/[4m@vitest[24m/runner/dist/chunk-hooks.js:752:26

            </system-out>
            <system-err>
[S&amp;S] Calendar &quot;Test Calendar&quot; has syntax errors in &quot;date&quot; format: Template compilation failed

            </system-err>
        </testcase>
        <testcase classname="packages/core/test/calendar-date-formatting.test.ts" name="CalendarDate Formatting &gt; Edge Cases and Error Handling &gt; should handle invalid month index gracefully" time="0.000144375">
            <system-out>
[S&amp;S] Invalid month index: 99

            </system-out>
        </testcase>
        <testcase classname="packages/core/test/calendar-date-formatting.test.ts" name="CalendarDate Formatting &gt; Edge Cases and Error Handling &gt; should handle invalid weekday index gracefully" time="0.000083">
            <system-out>
[S&amp;S] Invalid weekday index: 99

            </system-out>
        </testcase>
        <testcase classname="packages/core/test/calendar-date-formatting.test.ts" name="CalendarDate Formatting &gt; Edge Cases and Error Handling &gt; should handle month without abbreviation" time="0.000062417">
        </testcase>
        <testcase classname="packages/core/test/calendar-date-formatting.test.ts" name="CalendarDate Formatting &gt; Edge Cases and Error Handling &gt; should handle weekday without abbreviation" time="0.000053166">
        </testcase>
        <testcase classname="packages/core/test/calendar-date-formatting.test.ts" name="CalendarDate Formatting &gt; Calendar Date Utilities &gt; should clone date with modifications" time="0.000106583">
        </testcase>
        <testcase classname="packages/core/test/calendar-date-formatting.test.ts" name="CalendarDate Formatting &gt; Calendar Date Utilities &gt; should compare dates correctly" time="0.000120584">
        </testcase>
        <testcase classname="packages/core/test/calendar-date-formatting.test.ts" name="CalendarDate Formatting &gt; Calendar Date Utilities &gt; should check date equality" time="0.000496834">
        </testcase>
        <testcase classname="packages/core/test/calendar-date-formatting.test.ts" name="CalendarDate Formatting &gt; Calendar Date Utilities &gt; should check date ordering" time="0.000095917">
        </testcase>
        <testcase classname="packages/core/test/calendar-date-formatting.test.ts" name="CalendarDate Formatting &gt; Calendar Date Utilities &gt; should convert to plain object" time="0.000322">
        </testcase>
        <testcase classname="packages/core/test/calendar-date-formatting.test.ts" name="CalendarDate Formatting &gt; Calendar Date Utilities &gt; should create date from plain object" time="0.000075125">
        </testcase>
        <testcase classname="packages/core/test/calendar-date-formatting.test.ts" name="CalendarDate Formatting &gt; Time Comparison Edge Cases &gt; should compare dates with time differences" time="0.000062625">
        </testcase>
        <testcase classname="packages/core/test/calendar-date-formatting.test.ts" name="CalendarDate Formatting &gt; Time Comparison Edge Cases &gt; should compare dates with one having no time" time="0.000045916">
        </testcase>
        <testcase classname="packages/core/test/calendar-date-formatting.test.ts" name="CalendarDate Formatting &gt; Format Name Resolution &gt; should resolve format names based on options" time="0.000123292">
        </testcase>
        <testcase classname="packages/core/test/calendar-date-formatting.test.ts" name="CalendarDate Formatting &gt; Format Name Resolution &gt; should handle time inclusion in format names" time="0.000068833">
        </testcase>
    </testsuite>
    <testsuite name="packages/core/test/calendar-engine-leap-year-regression.test.ts" timestamp="2025-07-10T02:12:14.329Z" hostname="Davids-Mac-mini.local" tests="2" failures="0" errors="0" skipped="0" time="0.00359575">
        <testcase classname="packages/core/test/calendar-engine-leap-year-regression.test.ts" name="Leap Year Calculation Regression &gt; Check year 2700 length calculations" time="0.00182525">
            <system-out>

=== YEAR 2700 LENGTH ANALYSIS ===
getYearLength(2700): [33m365[39m
getMonthLengths(2700): [
  [33m31[39m, [33m28[39m, [33m31[39m, [33m30[39m, [33m31[39m,
  [33m30[39m, [33m31[39m, [33m31[39m, [33m30[39m, [33m31[39m,
  [33m30[39m, [33m31[39m
]
Sum of month lengths: [33m365[39m
isLeapYear(2700): [33mfalse[39m
getIntercalaryDays(2700): []
Base month days (from calendar def): [33m365[39m
Leap year extra days: [33m0[39m
Expected year length: [33m365[39m
✅ getYearLength matches manual calculation
✅ getYearLength matches sum of month lengths

            </system-out>
        </testcase>
        <testcase classname="packages/core/test/calendar-engine-leap-year-regression.test.ts" name="Leap Year Calculation Regression &gt; Simulate the exact 365-day scenario" time="0.0011965">
            <system-out>

=== SIMULATING 365-DAY SCENARIO ===
Starting year: [33m2700[39m
Starting remainingDays: [33m365[39m
Year length: [33m365[39m
remainingDays &gt;= yearLength? [33mtrue[39m
Should advance to next year? YES
After year advancement: year = [33m2701[39m , remainingDays = [33m0[39m

Month lengths for year [33m2701[39m : [
  [33m31[39m, [33m28[39m, [33m31[39m, [33m30[39m, [33m31[39m,
  [33m30[39m, [33m31[39m, [33m31[39m, [33m30[39m, [33m31[39m,
  [33m30[39m, [33m31[39m
]
Month 1 (Abadius): 31 days
  RemainingDays: 0, MonthLength: 31
  tempRemainingDays &lt; monthLength? true
  Breaking at month 1

Final result: Year 2701, Month 1, Day 1
Actual daysToDate(365): CalendarDate {
  year: [33m2701[39m,
  month: [33m1[39m,
  day: [33m1[39m,
  weekday: [33m0[39m,
  intercalary: [90mundefined[39m,
  time: [90mundefined[39m,
  calendar: {
    id: [32m&apos;golarion-pf2e&apos;[39m,
    translations: { en: [36m[Object][39m },
    worldTime: {
      interpretation: [32m&apos;epoch-based&apos;[39m,
      epochYear: [33m2700[39m,
      currentYear: [33m4725[39m
    },
    compatibility: { pf2e: [36m[Object][39m },
    year: {
      epoch: [33m2700[39m,
      currentYear: [33m4725[39m,
      prefix: [32m&apos;&apos;[39m,
      suffix: [32m&apos; AR&apos;[39m,
      startDay: [33m6[39m
    },
    leapYear: { rule: [32m&apos;gregorian&apos;[39m, month: [32m&apos;Calistril&apos;[39m, extraDays: [33m1[39m },
    months: [
      [36m[Object][39m, [36m[Object][39m,
      [36m[Object][39m, [36m[Object][39m,
      [36m[Object][39m, [36m[Object][39m,
      [36m[Object][39m, [36m[Object][39m,
      [36m[Object][39m, [36m[Object][39m,
      [36m[Object][39m, [36m[Object][39m
    ],
    weekdays: [
      [36m[Object][39m, [36m[Object][39m,
      [36m[Object][39m, [36m[Object][39m,
      [36m[Object][39m, [36m[Object][39m,
      [36m[Object][39m
    ],
    intercalary: [],
    moons: [ [36m[Object][39m ],
    seasons: [ [36m[Object][39m, [36m[Object][39m, [36m[Object][39m, [36m[Object][39m ],
    time: { hoursInDay: [33m24[39m, minutesInHour: [33m60[39m, secondsInMinute: [33m60[39m },
    variants: {
      [32m&apos;absalom-reckoning&apos;[39m: [36m[Object][39m,
      [32m&apos;imperial-calendar&apos;[39m: [36m[Object][39m,
      [32m&apos;varisian-traditional&apos;[39m: [36m[Object][39m,
      [32m&apos;earth-historical&apos;[39m: [36m[Object][39m
    }
  },
  formatter: DateFormatter {
    templateCache: Map(0) {},
    calendar: {
      id: [32m&apos;golarion-pf2e&apos;[39m,
      translations: [36m[Object][39m,
      worldTime: [36m[Object][39m,
      compatibility: [36m[Object][39m,
      year: [36m[Object][39m,
      leapYear: [36m[Object][39m,
      months: [36m[Array][39m,
      weekdays: [36m[Array][39m,
      intercalary: [],
      moons: [36m[Array][39m,
      seasons: [36m[Array][39m,
      time: [36m[Object][39m,
      variants: [36m[Object][39m
    }
  }
}

            </system-out>
        </testcase>
    </testsuite>
    <testsuite name="packages/core/test/calendar-engine-world-creation-timestamp.test.ts" timestamp="2025-07-10T02:12:14.330Z" hostname="Davids-Mac-mini.local" tests="16" failures="0" errors="0" skipped="0" time="0.083805541">
        <testcase classname="packages/core/test/calendar-engine-world-creation-timestamp.test.ts" name="CalendarEngine - World Creation Timestamp Support &gt; Basic World Creation Timestamp Functionality &gt; should support optional world creation timestamp in worldTimeToDate" time="0.005781667">
            <system-out>
✅ PF2e environment setup complete: {
  worldCreatedOn: [32m&apos;2025-01-01T00:00:00.000Z&apos;[39m,
  currentWorldTime: [33m0[39m,
  dateTheme: [32m&apos;AR&apos;[39m,
  expectedPF2eYear: [33m4725[39m
}

            </system-out>
        </testcase>
        <testcase classname="packages/core/test/calendar-engine-world-creation-timestamp.test.ts" name="CalendarEngine - World Creation Timestamp Support &gt; Basic World Creation Timestamp Functionality &gt; should maintain backward compatibility when no timestamp provided" time="0.000337833">
            <system-out>
✅ PF2e environment setup complete: {
  worldCreatedOn: [32m&apos;2025-01-01T00:00:00.000Z&apos;[39m,
  currentWorldTime: [33m0[39m,
  dateTheme: [32m&apos;AR&apos;[39m,
  expectedPF2eYear: [33m4725[39m
}

            </system-out>
        </testcase>
        <testcase classname="packages/core/test/calendar-engine-world-creation-timestamp.test.ts" name="CalendarEngine - World Creation Timestamp Support &gt; Basic World Creation Timestamp Functionality &gt; should support optional world creation timestamp in dateToWorldTime" time="0.002041333">
            <system-out>
✅ PF2e environment setup complete: {
  worldCreatedOn: [32m&apos;2025-01-01T00:00:00.000Z&apos;[39m,
  currentWorldTime: [33m0[39m,
  dateTheme: [32m&apos;AR&apos;[39m,
  expectedPF2eYear: [33m4725[39m
}

            </system-out>
        </testcase>
        <testcase classname="packages/core/test/calendar-engine-world-creation-timestamp.test.ts" name="CalendarEngine - World Creation Timestamp Support &gt; PF2e-Style Year Calculation Logic &gt; should calculate correct years for different world creation dates" time="0.014518417">
            <system-out>
✅ PF2e environment setup complete: {
  worldCreatedOn: [32m&apos;2025-01-01T00:00:00.000Z&apos;[39m,
  currentWorldTime: [33m0[39m,
  dateTheme: [32m&apos;AR&apos;[39m,
  expectedPF2eYear: [33m4725[39m
}

            </system-out>
        </testcase>
        <testcase classname="packages/core/test/calendar-engine-world-creation-timestamp.test.ts" name="CalendarEngine - World Creation Timestamp Support &gt; PF2e-Style Year Calculation Logic &gt; should handle UTC date extraction correctly" time="0.011552292">
            <system-out>
✅ PF2e environment setup complete: {
  worldCreatedOn: [32m&apos;2025-01-01T00:00:00.000Z&apos;[39m,
  currentWorldTime: [33m0[39m,
  dateTheme: [32m&apos;AR&apos;[39m,
  expectedPF2eYear: [33m4725[39m
}

            </system-out>
        </testcase>
        <testcase classname="packages/core/test/calendar-engine-world-creation-timestamp.test.ts" name="CalendarEngine - World Creation Timestamp Support &gt; Time Advancement with World Creation Timestamps &gt; should handle positive time advancement correctly" time="0.009881958">
            <system-out>
✅ PF2e environment setup complete: {
  worldCreatedOn: [32m&apos;2025-01-01T00:00:00.000Z&apos;[39m,
  currentWorldTime: [33m0[39m,
  dateTheme: [32m&apos;AR&apos;[39m,
  expectedPF2eYear: [33m4725[39m
}

            </system-out>
        </testcase>
        <testcase classname="packages/core/test/calendar-engine-world-creation-timestamp.test.ts" name="CalendarEngine - World Creation Timestamp Support &gt; Time Advancement with World Creation Timestamps &gt; should handle negative time advancement correctly" time="0.003818">
            <system-out>
✅ PF2e environment setup complete: {
  worldCreatedOn: [32m&apos;2025-01-01T00:00:00.000Z&apos;[39m,
  currentWorldTime: [33m0[39m,
  dateTheme: [32m&apos;AR&apos;[39m,
  expectedPF2eYear: [33m4725[39m
}

            </system-out>
        </testcase>
        <testcase classname="packages/core/test/calendar-engine-world-creation-timestamp.test.ts" name="CalendarEngine - World Creation Timestamp Support &gt; Time Advancement with World Creation Timestamps &gt; should use proper calendar year lengths for multi-year advancement" time="0.002398666">
            <system-out>
✅ PF2e environment setup complete: {
  worldCreatedOn: [32m&apos;2025-01-01T00:00:00.000Z&apos;[39m,
  currentWorldTime: [33m0[39m,
  dateTheme: [32m&apos;AR&apos;[39m,
  expectedPF2eYear: [33m4725[39m
}

            </system-out>
        </testcase>
        <testcase classname="packages/core/test/calendar-engine-world-creation-timestamp.test.ts" name="CalendarEngine - World Creation Timestamp Support &gt; Round-trip Conversion with World Creation Timestamps &gt; should maintain round-trip accuracy for epoch dates" time="0.014311083">
            <system-out>
✅ PF2e environment setup complete: {
  worldCreatedOn: [32m&apos;2025-01-01T00:00:00.000Z&apos;[39m,
  currentWorldTime: [33m0[39m,
  dateTheme: [32m&apos;AR&apos;[39m,
  expectedPF2eYear: [33m4725[39m
}

            </system-out>
        </testcase>
        <testcase classname="packages/core/test/calendar-engine-world-creation-timestamp.test.ts" name="CalendarEngine - World Creation Timestamp Support &gt; Round-trip Conversion with World Creation Timestamps &gt; should handle edge case where round-trip has known issue" time="0.002739417">
            <system-out>
✅ PF2e environment setup complete: {
  worldCreatedOn: [32m&apos;2025-01-01T00:00:00.000Z&apos;[39m,
  currentWorldTime: [33m0[39m,
  dateTheme: [32m&apos;AR&apos;[39m,
  expectedPF2eYear: [33m4725[39m
}

            </system-out>
        </testcase>
        <testcase classname="packages/core/test/calendar-engine-world-creation-timestamp.test.ts" name="CalendarEngine - World Creation Timestamp Support &gt; Round-trip Conversion with World Creation Timestamps &gt; should handle time components correctly with world creation timestamps" time="0.003656208">
            <system-out>
✅ PF2e environment setup complete: {
  worldCreatedOn: [32m&apos;2025-01-01T00:00:00.000Z&apos;[39m,
  currentWorldTime: [33m0[39m,
  dateTheme: [32m&apos;AR&apos;[39m,
  expectedPF2eYear: [33m4725[39m
}

            </system-out>
        </testcase>
        <testcase classname="packages/core/test/calendar-engine-world-creation-timestamp.test.ts" name="CalendarEngine - World Creation Timestamp Support &gt; Edge Cases and Error Handling &gt; should handle invalid world creation timestamps gracefully" time="0.001036625">
            <system-out>
✅ PF2e environment setup complete: {
  worldCreatedOn: [32m&apos;2025-01-01T00:00:00.000Z&apos;[39m,
  currentWorldTime: [33m0[39m,
  dateTheme: [32m&apos;AR&apos;[39m,
  expectedPF2eYear: [33m4725[39m
}

            </system-out>
        </testcase>
        <testcase classname="packages/core/test/calendar-engine-world-creation-timestamp.test.ts" name="CalendarEngine - World Creation Timestamp Support &gt; Edge Cases and Error Handling &gt; should handle very large world creation timestamps" time="0.004025917">
            <system-out>
✅ PF2e environment setup complete: {
  worldCreatedOn: [32m&apos;2025-01-01T00:00:00.000Z&apos;[39m,
  currentWorldTime: [33m0[39m,
  dateTheme: [32m&apos;AR&apos;[39m,
  expectedPF2eYear: [33m4725[39m
}

            </system-out>
        </testcase>
        <testcase classname="packages/core/test/calendar-engine-world-creation-timestamp.test.ts" name="CalendarEngine - World Creation Timestamp Support &gt; Edge Cases and Error Handling &gt; should handle very old world creation timestamps" time="0.00129525">
            <system-out>
✅ PF2e environment setup complete: {
  worldCreatedOn: [32m&apos;2025-01-01T00:00:00.000Z&apos;[39m,
  currentWorldTime: [33m0[39m,
  dateTheme: [32m&apos;AR&apos;[39m,
  expectedPF2eYear: [33m4725[39m
}

            </system-out>
        </testcase>
        <testcase classname="packages/core/test/calendar-engine-world-creation-timestamp.test.ts" name="CalendarEngine - World Creation Timestamp Support &gt; Edge Cases and Error Handling &gt; should handle zero epoch calendars correctly" time="0.001678458">
            <system-out>
✅ PF2e environment setup complete: {
  worldCreatedOn: [32m&apos;2025-01-01T00:00:00.000Z&apos;[39m,
  currentWorldTime: [33m0[39m,
  dateTheme: [32m&apos;AR&apos;[39m,
  expectedPF2eYear: [33m4725[39m
}

            </system-out>
        </testcase>
        <testcase classname="packages/core/test/calendar-engine-world-creation-timestamp.test.ts" name="CalendarEngine - World Creation Timestamp Support &gt; Leap Year Handling with World Creation Timestamps &gt; should handle leap year calculations correctly with world creation timestamps" time="0.003494166">
            <system-out>
✅ PF2e environment setup complete: {
  worldCreatedOn: [32m&apos;2025-01-01T00:00:00.000Z&apos;[39m,
  currentWorldTime: [33m0[39m,
  dateTheme: [32m&apos;AR&apos;[39m,
  expectedPF2eYear: [33m4725[39m
}

            </system-out>
        </testcase>
    </testsuite>
    <testsuite name="packages/core/test/calendar-engine-worldtime-interpretation-regression.test.ts" timestamp="2025-07-10T02:12:14.331Z" hostname="Davids-Mac-mini.local" tests="9" failures="0" errors="0" skipped="0" time="0.065029708">
        <testcase classname="packages/core/test/calendar-engine-worldtime-interpretation-regression.test.ts" name="WorldTime Interpretation Regression Tests &gt; ✅ Epoch-based interpretation works correctly (traditional fantasy)" time="0.002074583">
            <system-out>

=== EPOCH-BASED INTERPRETATION TEST ===
Epoch start: worldTime=0 → 2700/1/1
One day later: worldTime=86400 → 2700/1/2
One year later: worldTime=31622400 → 2701/1/2
✅ Epoch-based interpretation working correctly

            </system-out>
        </testcase>
        <testcase classname="packages/core/test/calendar-engine-worldtime-interpretation-regression.test.ts" name="WorldTime Interpretation Regression Tests &gt; ✅ Real-time-based interpretation works correctly (PF2e compatible)" time="0.017979959">
            <system-out>

=== REAL-TIME-BASED INTERPRETATION TEST ===
World creation (current time): worldTime=0 → 4725/1/1 AR
One day later: worldTime=86400 → 4725/1/2 AR
One year later: worldTime=31536000 → 4726/1/1 AR
✅ Real-time-based interpretation working correctly

            </system-out>
        </testcase>
        <testcase classname="packages/core/test/calendar-engine-worldtime-interpretation-regression.test.ts" name="WorldTime Interpretation Regression Tests &gt; ✅ PF2e compatibility achieved (year difference &lt;10)" time="0.003221875">
            <system-out>

=== PF2E COMPATIBILITY TEST ===
PF2e calculation: 4725 AR (2025 + 2700)
S&amp;S calculation: 4725 AR
Year difference: 0 years
✅ PF2e compatibility achieved! Year difference &lt; 10 years

            </system-out>
        </testcase>
        <testcase classname="packages/core/test/calendar-engine-worldtime-interpretation-regression.test.ts" name="WorldTime Interpretation Regression Tests &gt; ✅ Backward compatibility preserved (legacy calendars default to epoch-based)" time="0.000288833">
            <system-out>

=== BACKWARD COMPATIBILITY TEST ===
Legacy calendar: worldTime=0 → 2700/1/1
Epoch-based calendar: worldTime=0 → 2700/1/1
✅ Backward compatibility preserved

            </system-out>
        </testcase>
        <testcase classname="packages/core/test/calendar-engine-worldtime-interpretation-regression.test.ts" name="WorldTime Interpretation Regression Tests &gt; ✅ Bidirectional conversion works correctly" time="0.003825334">
            <system-out>

=== BIDIRECTIONAL CONVERSION TEST ===
Epoch round-trip: 2701/6/15 → 45792000 → 2701/6/15
Real-time round-trip: 4725/6/15 → 14256000 → 4725/6/15
✅ Bidirectional conversion working correctly

            </system-out>
        </testcase>
        <testcase classname="packages/core/test/calendar-engine-worldtime-interpretation-regression.test.ts" name="WorldTime Interpretation Regression Tests &gt; ✅ Universal solution works across interpretation modes" time="0.005459">
            <system-out>

=== UNIVERSAL SOLUTION TEST ===
Epoch-based: worldTime=864000 → 2700/1/11
Real-time-based: worldTime=864000 → 4725/1/11
✅ Universal solution working across all interpretation modes

            </system-out>
        </testcase>
        <testcase classname="packages/core/test/calendar-engine-worldtime-interpretation-regression.test.ts" name="WorldTime Interpretation Regression Tests &gt; 🐛 REGRESSION TEST: GitHub Issue #66 - Exact Pathfinder Time Calculation" time="0.0140455">
            <system-out>

=== EXACT PATHFINDER TIME CALCULATION TEST (Issue #66) ===
Expected: Pathfinder calendar should produce exact correct dates/times
Input: worldTime representing existing Pathfinder world state

--- Test Case 1: worldTime = 0 (fresh world) ---
Result: 4725/1/1 0:0:0

--- Test Case 2: worldTime = 86400 (1 day) ---
Result: 4725/1/2 0:0:0

--- Test Case 3: worldTime = 37423 (10:23:43 on day 1) ---
Result: 4725/1/1 10:23:43
✅ Pathfinder calendar should produce exact correct dates and times

            </system-out>
        </testcase>
        <testcase classname="packages/core/test/calendar-engine-worldtime-interpretation-regression.test.ts" name="WorldTime Interpretation Regression Tests &gt; 🐛 REGRESSION TEST: Bidirectional Conversion Exactness" time="0.004306791">
            <system-out>

=== EXACT BIDIRECTIONAL CONVERSION TEST ===
Expected: Date → WorldTime → Date should produce exactly the same date

--- Test Case: 19th Desnus, 2024 AR (10:23:00) ---
Input date: 2024/5/19 10:23:0
Converted to worldTime: -85225095420
Converted back: 2024/5/19 10:23:0
✅ Bidirectional conversion should be exactly preserved

            </system-out>
        </testcase>
        <testcase classname="packages/core/test/calendar-engine-worldtime-interpretation-regression.test.ts" name="WorldTime Interpretation Regression Tests &gt; 🐛 REGRESSION TEST: Original GitHub Issue #20 Bug is Fixed" time="0.012737875">
            <system-out>

=== ORIGINAL BUG REGRESSION TEST ===
GitHub Issue #20: PF2e Calendar Date Mismatch
Original Problem: S&amp;S calendar stuck at epoch regardless of worldTime value
Original bug test - worldTime=0:
  PF2e expected: 4725 AR
  S&amp;S result: 4725 AR
  Year difference: 0 years
✅ REGRESSION TEST PASSED: Original bug is fixed!
✅ S&amp;S calendar now advances time correctly and matches PF2e expectations
Time advancement verification:
  worldTime=0: 4725/1/1
  worldTime=86400: 4725/1/2
  worldTime=604800: 4725/1/8
✅ Time advancement working: Calendar no longer frozen at epoch

            </system-out>
        </testcase>
    </testsuite>
    <testsuite name="packages/core/test/calendar-engine.test.ts" timestamp="2025-07-10T02:12:14.332Z" hostname="Davids-Mac-mini.local" tests="22" failures="0" errors="0" skipped="0" time="0.114294834">
        <testcase classname="packages/core/test/calendar-engine.test.ts" name="CalendarValidator &gt; should validate gregorian calendar" time="0.098289917">
        </testcase>
        <testcase classname="packages/core/test/calendar-engine.test.ts" name="CalendarValidator &gt; should validate simple calendar" time="0.00023875">
        </testcase>
        <testcase classname="packages/core/test/calendar-engine.test.ts" name="CalendarValidator &gt; should reject invalid calendar" time="0.00011525">
        </testcase>
        <testcase classname="packages/core/test/calendar-engine.test.ts" name="CalendarEngine - Basic Operations &gt; should create engine with calendar" time="0.000314458">
        </testcase>
        <testcase classname="packages/core/test/calendar-engine.test.ts" name="CalendarEngine - Basic Operations &gt; should convert world time to date" time="0.000592">
        </testcase>
        <testcase classname="packages/core/test/calendar-engine.test.ts" name="CalendarEngine - Basic Operations &gt; should convert date to world time" time="0.000191417">
        </testcase>
        <testcase classname="packages/core/test/calendar-engine.test.ts" name="CalendarEngine - Basic Operations &gt; should add days correctly" time="0.000129375">
        </testcase>
        <testcase classname="packages/core/test/calendar-engine.test.ts" name="CalendarEngine - Basic Operations &gt; should handle month overflow when adding days" time="0.000094541">
        </testcase>
        <testcase classname="packages/core/test/calendar-engine.test.ts" name="CalendarEngine - Basic Operations &gt; should handle year overflow when adding days" time="0.000166042">
        </testcase>
        <testcase classname="packages/core/test/calendar-engine.test.ts" name="CalendarEngine - Basic Operations &gt; should add months correctly" time="0.000137709">
        </testcase>
        <testcase classname="packages/core/test/calendar-engine.test.ts" name="CalendarEngine - Basic Operations &gt; should add years correctly" time="0.000605625">
        </testcase>
        <testcase classname="packages/core/test/calendar-engine.test.ts" name="CalendarEngine - Gregorian Calendar &gt; should handle leap years correctly" time="0.000353459">
        </testcase>
        <testcase classname="packages/core/test/calendar-engine.test.ts" name="CalendarEngine - Gregorian Calendar &gt; should handle non-leap years correctly" time="0.000181834">
        </testcase>
        <testcase classname="packages/core/test/calendar-engine.test.ts" name="CalendarEngine - Gregorian Calendar &gt; should roundtrip dates correctly" time="0.000172167">
        </testcase>
        <testcase classname="packages/core/test/calendar-engine.test.ts" name="CalendarEngine - Multi-Day Intercalary Periods &gt; should validate calendar with multi-day intercalary periods" time="0.00019125">
        </testcase>
        <testcase classname="packages/core/test/calendar-engine.test.ts" name="CalendarEngine - Multi-Day Intercalary Periods &gt; should correctly calculate total year length with multi-day intercalary periods" time="0.000061333">
        </testcase>
        <testcase classname="packages/core/test/calendar-engine.test.ts" name="CalendarEngine - Multi-Day Intercalary Periods &gt; should handle date arithmetic across multi-day intercalary periods" time="0.000104792">
        </testcase>
        <testcase classname="packages/core/test/calendar-engine.test.ts" name="CalendarEngine - Multi-Day Intercalary Periods &gt; should handle conversion to/from world time with multi-day intercalary periods" time="0.000242166">
        </testcase>
        <testcase classname="packages/core/test/calendar-engine.test.ts" name="CalendarEngine - Multi-Day Intercalary Periods &gt; should handle adding days across year boundary with intercalary periods" time="0.000072542">
        </testcase>
        <testcase classname="packages/core/test/calendar-engine.test.ts" name="CalendarEngine - Multi-Day Intercalary Periods &gt; should handle single-day intercalary periods (default behavior)" time="0.000071083">
        </testcase>
        <testcase classname="packages/core/test/calendar-engine.test.ts" name="CalendarEngine - Real Calendar Integration Tests &gt; should load and validate Greyhawk calendar with 7-day festivals" time="0.007953208">
        </testcase>
        <testcase classname="packages/core/test/calendar-engine.test.ts" name="CalendarEngine - Real Calendar Integration Tests &gt; should load and validate Dark Sun calendar with 5-day periods" time="0.00256">
        </testcase>
    </testsuite>
    <testsuite name="packages/core/test/calendar-json-syntax-validation.test.ts" timestamp="2025-07-10T02:12:14.333Z" hostname="Davids-Mac-mini.local" tests="5" failures="0" errors="0" skipped="0" time="0.0167255">
        <testcase classname="packages/core/test/calendar-json-syntax-validation.test.ts" name="Calendar JSON Syntax Validation &gt; Template Syntax Validation &gt; should handle invalid helper syntax gracefully" time="0.008734708">
            <system-out>
[S&amp;S] Date format template compilation failed: Error: Parse error on line 1:
...{{ss-minute format=&quot;pad&quot;}}
-----------------------^
Expecting &apos;CLOSE_RAW_BLOCK&apos;, &apos;CLOSE&apos;, &apos;CLOSE_UNESCAPED&apos;, &apos;OPEN_SEXPR&apos;, &apos;CLOSE_SEXPR&apos;, &apos;ID&apos;, &apos;OPEN_BLOCK_PARAMS&apos;, &apos;STRING&apos;, &apos;NUMBER&apos;, &apos;BOOLEAN&apos;, &apos;UNDEFINED&apos;, &apos;NULL&apos;, &apos;DATA&apos;, got &apos;INVALID&apos;
    at Parser.parseError [90m(/Users/rayners/Code/personal/fvtt-seasons-and-stars/[39mnode_modules/[4mhandlebars[24m/lib/handlebars/compiler/parser.js:199:11[90m)[39m
    at Parser.parse [90m(/Users/rayners/Code/personal/fvtt-seasons-and-stars/[39mnode_modules/[4mhandlebars[24m/lib/handlebars/compiler/parser.js:251:22[90m)[39m
    at parseWithoutProcessing [90m(/Users/rayners/Code/personal/fvtt-seasons-and-stars/[39mnode_modules/[4mhandlebars[24m/lib/handlebars/compiler/base.js:24:20[90m)[39m
    at HandlebarsEnvironment.parse [90m(/Users/rayners/Code/personal/fvtt-seasons-and-stars/[39mnode_modules/[4mhandlebars[24m/lib/handlebars/compiler/base.js:30:13[90m)[39m
    at compileInput [90m(/Users/rayners/Code/personal/fvtt-seasons-and-stars/[39mnode_modules/[4mhandlebars[24m/lib/handlebars/compiler/compiler.js:532:19[90m)[39m
    at ret [90m(/Users/rayners/Code/personal/fvtt-seasons-and-stars/[39mnode_modules/[4mhandlebars[24m/lib/handlebars/compiler/compiler.js:546:18[90m)[39m
    at DateFormatter.formatWithContext [90m(/Users/rayners/Code/personal/fvtt-seasons-and-stars/[39mpackages/core/src/core/date-formatter.ts:199:22[90m)[39m
    at DateFormatter.format [90m(/Users/rayners/Code/personal/fvtt-seasons-and-stars/[39mpackages/core/src/core/date-formatter.ts:155:17[90m)[39m
    at [90m/Users/rayners/Code/personal/fvtt-seasons-and-stars/[39mpackages/core/test/calendar-json-syntax-validation.test.ts:52:32
    at [90mfile:///Users/rayners/Code/personal/fvtt-seasons-and-stars/[39mnode_modules/[4m@vitest[24m/runner/dist/chunk-hooks.js:155:11

            </system-out>
            <system-err>
[S&amp;S] Date format template has syntax errors: Parse error on line 1:
...{{ss-minute format=&quot;pad&quot;}}
-----------------------^
Expecting &apos;CLOSE_RAW_BLOCK&apos;, &apos;CLOSE&apos;, &apos;CLOSE_UNESCAPED&apos;, &apos;OPEN_SEXPR&apos;, &apos;CLOSE_SEXPR&apos;, &apos;ID&apos;, &apos;OPEN_BLOCK_PARAMS&apos;, &apos;STRING&apos;, &apos;NUMBER&apos;, &apos;BOOLEAN&apos;, &apos;UNDEFINED&apos;, &apos;NULL&apos;, &apos;DATA&apos;, got &apos;INVALID&apos;

            </system-err>
        </testcase>
        <testcase classname="packages/core/test/calendar-json-syntax-validation.test.ts" name="Calendar JSON Syntax Validation &gt; Template Syntax Validation &gt; should succeed with correct double quote syntax" time="0.00438475">
        </testcase>
        <testcase classname="packages/core/test/calendar-json-syntax-validation.test.ts" name="Calendar JSON Syntax Validation &gt; Template Syntax Validation &gt; should handle missing helper parameters gracefully" time="0.001096458">
            <system-out>
[S&amp;S] Template produced invalid output, falling back to basic format: {
  template: [32m&apos;{{ss-hour:pad}}:{{ss-minute:pad}}:{{ss-second:pad}} UTC&apos;[39m,
  result: [32m&apos;:: UTC&apos;[39m
}

            </system-out>
        </testcase>
        <testcase classname="packages/core/test/calendar-json-syntax-validation.test.ts" name="Calendar JSON Syntax Validation &gt; Real Calendar File Validation &gt; should handle single quote syntax errors in templates" time="0.000547">
            <system-out>
[S&amp;S] Date format template compilation failed: Error: Parse error on line 1:
...{{ss-minute format=&apos;pad&apos;}}:{{ss-second f
-----------------------^
Expecting &apos;CLOSE_RAW_BLOCK&apos;, &apos;CLOSE&apos;, &apos;CLOSE_UNESCAPED&apos;, &apos;OPEN_SEXPR&apos;, &apos;CLOSE_SEXPR&apos;, &apos;ID&apos;, &apos;OPEN_BLOCK_PARAMS&apos;, &apos;STRING&apos;, &apos;NUMBER&apos;, &apos;BOOLEAN&apos;, &apos;UNDEFINED&apos;, &apos;NULL&apos;, &apos;DATA&apos;, got &apos;INVALID&apos;
    at Parser.parseError [90m(/Users/rayners/Code/personal/fvtt-seasons-and-stars/[39mnode_modules/[4mhandlebars[24m/lib/handlebars/compiler/parser.js:199:11[90m)[39m
    at Parser.parse [90m(/Users/rayners/Code/personal/fvtt-seasons-and-stars/[39mnode_modules/[4mhandlebars[24m/lib/handlebars/compiler/parser.js:251:22[90m)[39m
    at parseWithoutProcessing [90m(/Users/rayners/Code/personal/fvtt-seasons-and-stars/[39mnode_modules/[4mhandlebars[24m/lib/handlebars/compiler/base.js:24:20[90m)[39m
    at HandlebarsEnvironment.parse [90m(/Users/rayners/Code/personal/fvtt-seasons-and-stars/[39mnode_modules/[4mhandlebars[24m/lib/handlebars/compiler/base.js:30:13[90m)[39m
    at compileInput [90m(/Users/rayners/Code/personal/fvtt-seasons-and-stars/[39mnode_modules/[4mhandlebars[24m/lib/handlebars/compiler/compiler.js:532:19[90m)[39m
    at ret [90m(/Users/rayners/Code/personal/fvtt-seasons-and-stars/[39mnode_modules/[4mhandlebars[24m/lib/handlebars/compiler/compiler.js:546:18[90m)[39m
    at DateFormatter.formatWithContext [90m(/Users/rayners/Code/personal/fvtt-seasons-and-stars/[39mpackages/core/src/core/date-formatter.ts:199:22[90m)[39m
    at DateFormatter.formatNamed [90m(/Users/rayners/Code/personal/fvtt-seasons-and-stars/[39mpackages/core/src/core/date-formatter.ts:296:17[90m)[39m
    at [90m/Users/rayners/Code/personal/fvtt-seasons-and-stars/[39mpackages/core/test/calendar-json-syntax-validation.test.ts:100:47
    at [90mfile:///Users/rayners/Code/personal/fvtt-seasons-and-stars/[39mnode_modules/[4m@vitest[24m/runner/dist/chunk-hooks.js:155:11

            </system-out>
            <system-err>
[S&amp;S] Calendar &quot;Test Calendar&quot; has syntax errors in &quot;bad-time&quot; format: Parse error on line 1:
...{{ss-minute format=&apos;pad&apos;}}:{{ss-second f
-----------------------^
Expecting &apos;CLOSE_RAW_BLOCK&apos;, &apos;CLOSE&apos;, &apos;CLOSE_UNESCAPED&apos;, &apos;OPEN_SEXPR&apos;, &apos;CLOSE_SEXPR&apos;, &apos;ID&apos;, &apos;OPEN_BLOCK_PARAMS&apos;, &apos;STRING&apos;, &apos;NUMBER&apos;, &apos;BOOLEAN&apos;, &apos;UNDEFINED&apos;, &apos;NULL&apos;, &apos;DATA&apos;, got &apos;INVALID&apos;

            </system-err>
        </testcase>
        <testcase classname="packages/core/test/calendar-json-syntax-validation.test.ts" name="Calendar JSON Syntax Validation &gt; Real Calendar File Validation &gt; should successfully compile corrected double quote syntax" time="0.001201167">
        </testcase>
    </testsuite>
    <testsuite name="packages/core/test/calendar-loader.test.ts" timestamp="2025-07-10T02:12:14.333Z" hostname="Davids-Mac-mini.local" tests="27" failures="0" errors="0" skipped="0" time="0.129768167">
        <testcase classname="packages/core/test/calendar-loader.test.ts" name="CalendarLoader &gt; URL Validation &gt; should accept valid HTTP URLs" time="0.104129417">
            <system-out>
[S&amp;S] CalendarLoader: Successfully loaded calendar from http://localhost:3000/calendar.json 

            </system-out>
        </testcase>
        <testcase classname="packages/core/test/calendar-loader.test.ts" name="CalendarLoader &gt; URL Validation &gt; should accept valid HTTPS URLs" time="0.000380541">
            <system-out>
[S&amp;S] CalendarLoader: Successfully loaded calendar from https://example.com/calendar.json 

            </system-out>
        </testcase>
        <testcase classname="packages/core/test/calendar-loader.test.ts" name="CalendarLoader &gt; URL Validation &gt; should reject invalid protocols" time="0.000274959">
        </testcase>
        <testcase classname="packages/core/test/calendar-loader.test.ts" name="CalendarLoader &gt; URL Validation &gt; should reject malformed URLs" time="0.000179125">
        </testcase>
        <testcase classname="packages/core/test/calendar-loader.test.ts" name="CalendarLoader &gt; Calendar Loading &gt; should successfully load valid calendar from URL" time="0.000500625">
            <system-out>
[S&amp;S] CalendarLoader: Successfully loaded calendar from https://example.com/calendar.json 

            </system-out>
        </testcase>
        <testcase classname="packages/core/test/calendar-loader.test.ts" name="CalendarLoader &gt; Calendar Loading &gt; should handle HTTP errors gracefully" time="0.003007291">
            <system-err>
[S&amp;S ERROR] CalendarLoader: Failed to load calendar from https://example.com/missing.json Error: HTTP 404: Not Found
    at CalendarLoader.loadFromUrl [90m(/Users/rayners/Code/personal/fvtt-seasons-and-stars/[39mpackages/core/src/core/calendar-loader.ts:133:15[90m)[39m
[90m    at processTicksAndRejections (node:internal/process/task_queues:105:5)[39m
    at [90m/Users/rayners/Code/personal/fvtt-seasons-and-stars/[39mpackages/core/test/calendar-loader.test.ts:180:22
    at [90mfile:///Users/rayners/Code/personal/fvtt-seasons-and-stars/[39mnode_modules/[4m@vitest[24m/runner/dist/chunk-hooks.js:752:20

            </system-err>
        </testcase>
        <testcase classname="packages/core/test/calendar-loader.test.ts" name="CalendarLoader &gt; Calendar Loading &gt; should handle network errors gracefully" time="0.000528208">
            <system-err>
[S&amp;S ERROR] CalendarLoader: Failed to load calendar from https://example.com/calendar.json Error: CORS error: Network error. The server hosting this calendar does not allow cross-origin requests. Consider hosting the file on a CORS-enabled service or using a proxy.
    at CalendarLoader.fetchWithTimeout [90m(/Users/rayners/Code/personal/fvtt-seasons-and-stars/[39mpackages/core/src/core/calendar-loader.ts:452:15[90m)[39m
[90m    at processTicksAndRejections (node:internal/process/task_queues:105:5)[39m
    at CalendarLoader.loadFromUrl [90m(/Users/rayners/Code/personal/fvtt-seasons-and-stars/[39mpackages/core/src/core/calendar-loader.ts:123:24[90m)[39m
    at [90m/Users/rayners/Code/personal/fvtt-seasons-and-stars/[39mpackages/core/test/calendar-loader.test.ts:189:22
    at [90mfile:///Users/rayners/Code/personal/fvtt-seasons-and-stars/[39mnode_modules/[4m@vitest[24m/runner/dist/chunk-hooks.js:752:20

            </system-err>
        </testcase>
        <testcase classname="packages/core/test/calendar-loader.test.ts" name="CalendarLoader &gt; Calendar Loading &gt; should handle invalid JSON gracefully" time="0.001775375">
            <system-err>
[S&amp;S ERROR] CalendarLoader: Failed to load calendar from https://example.com/invalid.json Error: Invalid JSON
    at Object.json [90m(/Users/rayners/Code/personal/fvtt-seasons-and-stars/[39mpackages/core/test/calendar-loader.test.ts:198:36[90m)[39m
    at CalendarLoader.loadFromUrl [90m(/Users/rayners/Code/personal/fvtt-seasons-and-stars/[39mpackages/core/src/core/calendar-loader.ts:136:43[90m)[39m
[90m    at processTicksAndRejections (node:internal/process/task_queues:105:5)[39m
    at [90m/Users/rayners/Code/personal/fvtt-seasons-and-stars/[39mpackages/core/test/calendar-loader.test.ts:201:22
    at [90mfile:///Users/rayners/Code/personal/fvtt-seasons-and-stars/[39mnode_modules/[4m@vitest[24m/runner/dist/chunk-hooks.js:752:20

            </system-err>
        </testcase>
        <testcase classname="packages/core/test/calendar-loader.test.ts" name="CalendarLoader &gt; Request Options &gt; should include custom headers" time="0.001782584">
            <system-out>
[S&amp;S] CalendarLoader: Successfully loaded calendar from https://example.com/calendar.json 

            </system-out>
        </testcase>
        <testcase classname="packages/core/test/calendar-loader.test.ts" name="CalendarLoader &gt; Request Options &gt; should skip validation when requested" time="0.000247166">
            <system-out>
[S&amp;S] CalendarLoader: Successfully loaded calendar from https://example.com/invalid.json 

            </system-out>
        </testcase>
        <testcase classname="packages/core/test/calendar-loader.test.ts" name="CalendarLoader &gt; Collection Loading &gt; should load multiple calendars from collection" time="0.00583125">
            <system-out>
[S&amp;S] CalendarLoader: Successfully loaded calendar from https://example.com/collection.json 

[S&amp;S] CalendarLoader: Successfully loaded calendar from https://example.com/calendar1.json 

[S&amp;S] CalendarLoader: Successfully loaded calendar from https://example.com/calendar2.json 

            </system-out>
        </testcase>
        <testcase classname="packages/core/test/calendar-loader.test.ts" name="CalendarLoader &gt; Collection Loading &gt; should handle relative URLs in collections" time="0.002074542">
            <system-out>
[S&amp;S] CalendarLoader: Successfully loaded calendar from https://example.com/collection.json 

[S&amp;S] CalendarLoader: Successfully loaded calendar from https://example.com/calendar1.json 

[S&amp;S] CalendarLoader: Successfully loaded calendar from https://example.com/calendar2.json 

            </system-out>
        </testcase>
        <testcase classname="packages/core/test/calendar-loader.test.ts" name="CalendarLoader &gt; Collection Loading &gt; should handle invalid collection format" time="0.001111958">
            <system-out>
[S&amp;S] CalendarLoader: Successfully loaded calendar from https://example.com/invalid-collection.json 

            </system-out>
        </testcase>
        <testcase classname="packages/core/test/calendar-loader.test.ts" name="CalendarLoader &gt; Collection Loading &gt; should include collection entry metadata with preview in results" time="0.000842917">
            <system-out>
[S&amp;S] CalendarLoader: Successfully loaded calendar from https://example.com/collection.json 

[S&amp;S] CalendarLoader: Successfully loaded calendar from https://example.com/calendar1.json 

[S&amp;S] CalendarLoader: Successfully loaded calendar from https://example.com/calendar2.json 

            </system-out>
        </testcase>
        <testcase classname="packages/core/test/calendar-loader.test.ts" name="CalendarLoader &gt; Collection Loading &gt; should sanitize HTML in preview text" time="0.003045917">
            <system-out>
[S&amp;S] CalendarLoader: Successfully loaded calendar from https://example.com/malicious-collection.json 

[S&amp;S] CalendarLoader: Successfully loaded calendar from https://example.com/calendar3.json 

            </system-out>
        </testcase>
        <testcase classname="packages/core/test/calendar-loader.test.ts" name="CalendarLoader &gt; Module URL Support &gt; should accept valid module URLs" time="0.000626292">
            <system-out>
[S&amp;S] CalendarLoader: Successfully loaded calendar from module:test-module/calendars 

            </system-out>
        </testcase>
        <testcase classname="packages/core/test/calendar-loader.test.ts" name="CalendarLoader &gt; Module URL Support &gt; should reject module URLs for inactive modules" time="0.00014025">
        </testcase>
        <testcase classname="packages/core/test/calendar-loader.test.ts" name="CalendarLoader &gt; Module URL Support &gt; should reject module URLs for non-existent modules" time="0.000052875">
        </testcase>
        <testcase classname="packages/core/test/calendar-loader.test.ts" name="CalendarLoader &gt; Module URL Support &gt; should reject malformed module URLs" time="0.0000435">
        </testcase>
        <testcase classname="packages/core/test/calendar-loader.test.ts" name="CalendarLoader &gt; Module URL Support &gt; should handle simple module URLs (defaults to calendars/index.json)" time="0.000159167">
            <system-out>
[S&amp;S] CalendarLoader: Successfully loaded calendar from module:test-module 

            </system-out>
        </testcase>
        <testcase classname="packages/core/test/calendar-loader.test.ts" name="CalendarLoader &gt; Module URL Support &gt; should handle module URLs with explicit JSON files" time="0.000106708">
            <system-out>
[S&amp;S] CalendarLoader: Successfully loaded calendar from module:test-module/special/calendar.json 

            </system-out>
        </testcase>
        <testcase classname="packages/core/test/calendar-loader.test.ts" name="CalendarLoader &gt; Module URL Support &gt; should handle module URLs with paths (auto-append index.json)" time="0.000108584">
            <system-out>
[S&amp;S] CalendarLoader: Successfully loaded calendar from module:test-module/my-calendars 

            </system-out>
        </testcase>
        <testcase classname="packages/core/test/calendar-loader.test.ts" name="CalendarLoader &gt; External Source Management &gt; should add external source" time="0.00019775">
            <system-out>
[S&amp;S] CalendarLoader: Added external source: Test Source (https://example.com/calendar.json) 

            </system-out>
        </testcase>
        <testcase classname="packages/core/test/calendar-loader.test.ts" name="CalendarLoader &gt; External Source Management &gt; should generate unique IDs for sources with same name" time="0.000093334">
            <system-out>
[S&amp;S] CalendarLoader: Added external source: Duplicate Name (https://example.com/calendar1.json) 
[S&amp;S] CalendarLoader: Added external source: Duplicate Name (https://example.com/calendar2.json) 

            </system-out>
        </testcase>
        <testcase classname="packages/core/test/calendar-loader.test.ts" name="CalendarLoader &gt; External Source Management &gt; should remove external source" time="0.0001045">
            <system-out>
[S&amp;S] CalendarLoader: Added external source: Test Source (https://example.com/calendar.json) 
[S&amp;S] CalendarLoader: Removed external source: Test Source 

            </system-out>
        </testcase>
        <testcase classname="packages/core/test/calendar-loader.test.ts" name="CalendarLoader &gt; External Source Management &gt; should update source status" time="0.000090875">
            <system-out>
[S&amp;S] CalendarLoader: Added external source: Test Source (https://example.com/calendar.json) 

            </system-out>
        </testcase>
        <testcase classname="packages/core/test/calendar-loader.test.ts" name="CalendarLoader &gt; External Source Management &gt; should list all sources" time="0.000655458">
            <system-out>
[S&amp;S] CalendarLoader: Added external source: Source 1 (https://example.com/cal1.json) 
[S&amp;S] CalendarLoader: Added external source: Source 2 (https://example.com/cal2.json) 

            </system-out>
        </testcase>
    </testsuite>
    <testsuite name="packages/core/test/calendar-selection-dialog-variants.test.ts" timestamp="2025-07-10T02:12:14.335Z" hostname="Davids-Mac-mini.local" tests="5" failures="0" errors="0" skipped="0" time="0.020647">
        <testcase classname="packages/core/test/calendar-selection-dialog-variants.test.ts" name="Calendar Selection Dialog - Variants Support &gt; should correctly identify calendar variants" time="0.01398275">
            <system-out>
[S&amp;S] Error adding ordinal suffix: TypeError: __vite_ssr_import_0__.CalendarTimeUtils.addOrdinalSuffix is not a function
    at CalendarDate.addOrdinalSuffix [90m(/Users/rayners/Code/personal/fvtt-seasons-and-stars/[39mpackages/core/src/core/calendar-date.ts:410:32[90m)[39m
    at CalendarDate.getDayString [90m(/Users/rayners/Code/personal/fvtt-seasons-and-stars/[39mpackages/core/src/core/calendar-date.ts:346:21[90m)[39m
    at CalendarDate.toLongString [90m(/Users/rayners/Code/personal/fvtt-seasons-and-stars/[39mpackages/core/src/core/calendar-date.ts:200:31[90m)[39m
    at CalendarSelectionDialog.generateSampleDate [90m(/Users/rayners/Code/personal/fvtt-seasons-and-stars/[39mpackages/core/src/ui/calendar-selection-dialog.ts:406:35[90m)[39m
    at [90m/Users/rayners/Code/personal/fvtt-seasons-and-stars/[39mpackages/core/src/ui/calendar-selection-dialog.ts:125:59
    at Array.map (&lt;anonymous&gt;)
    at CalendarSelectionDialog._prepareContext [90m(/Users/rayners/Code/personal/fvtt-seasons-and-stars/[39mpackages/core/src/ui/calendar-selection-dialog.ts:100:64[90m)[39m
[90m    at processTicksAndRejections (node:internal/process/task_queues:105:5)[39m
    at [90m/Users/rayners/Code/personal/fvtt-seasons-and-stars/[39mpackages/core/test/calendar-selection-dialog-variants.test.ts:137:21
    at [90mfile:///Users/rayners/Code/personal/fvtt-seasons-and-stars/[39mnode_modules/[4m@vitest[24m/runner/dist/chunk-hooks.js:752:20
[S&amp;S] Error formatting time string: TypeError: __vite_ssr_import_0__.CalendarTimeUtils.formatTimeComponent is not a function
    at CalendarDate.getTimeString [90m(/Users/rayners/Code/personal/fvtt-seasons-and-stars/[39mpackages/core/src/core/calendar-date.ts:390:41[90m)[39m
    at CalendarDate.toLongString [90m(/Users/rayners/Code/personal/fvtt-seasons-and-stars/[39mpackages/core/src/core/calendar-date.ts:202:47[90m)[39m
    at CalendarSelectionDialog.generateSampleDate [90m(/Users/rayners/Code/personal/fvtt-seasons-and-stars/[39mpackages/core/src/ui/calendar-selection-dialog.ts:406:35[90m)[39m
    at [90m/Users/rayners/Code/personal/fvtt-seasons-and-stars/[39mpackages/core/src/ui/calendar-selection-dialog.ts:125:59
    at Array.map (&lt;anonymous&gt;)
    at CalendarSelectionDialog._prepareContext [90m(/Users/rayners/Code/personal/fvtt-seasons-and-stars/[39mpackages/core/src/ui/calendar-selection-dialog.ts:100:64[90m)[39m
[90m    at processTicksAndRejections (node:internal/process/task_queues:105:5)[39m
    at [90m/Users/rayners/Code/personal/fvtt-seasons-and-stars/[39mpackages/core/test/calendar-selection-dialog-variants.test.ts:137:21
    at [90mfile:///Users/rayners/Code/personal/fvtt-seasons-and-stars/[39mnode_modules/[4m@vitest[24m/runner/dist/chunk-hooks.js:752:20
[S&amp;S] Error adding ordinal suffix: TypeError: __vite_ssr_import_0__.CalendarTimeUtils.addOrdinalSuffix is not a function
    at CalendarDate.addOrdinalSuffix [90m(/Users/rayners/Code/personal/fvtt-seasons-and-stars/[39mpackages/core/src/core/calendar-date.ts:410:32[90m)[39m
    at CalendarDate.getDayString [90m(/Users/rayners/Code/personal/fvtt-seasons-and-stars/[39mpackages/core/src/core/calendar-date.ts:346:21[90m)[39m
    at CalendarDate.toLongString [90m(/Users/rayners/Code/personal/fvtt-seasons-and-stars/[39mpackages/core/src/core/calendar-date.ts:200:31[90m)[39m
    at CalendarSelectionDialog.generateSampleDate [90m(/Users/rayners/Code/personal/fvtt-seasons-and-stars/[39mpackages/core/src/ui/calendar-selection-dialog.ts:406:35[90m)[39m
    at [90m/Users/rayners/Code/personal/fvtt-seasons-and-stars/[39mpackages/core/src/ui/calendar-selection-dialog.ts:125:59
    at Array.map (&lt;anonymous&gt;)
    at CalendarSelectionDialog._prepareContext [90m(/Users/rayners/Code/personal/fvtt-seasons-and-stars/[39mpackages/core/src/ui/calendar-selection-dialog.ts:100:64[90m)[39m
[90m    at processTicksAndRejections (node:internal/process/task_queues:105:5)[39m
    at [90m/Users/rayners/Code/personal/fvtt-seasons-and-stars/[39mpackages/core/test/calendar-selection-dialog-variants.test.ts:137:21
    at [90mfile:///Users/rayners/Code/personal/fvtt-seasons-and-stars/[39mnode_modules/[4m@vitest[24m/runner/dist/chunk-hooks.js:752:20
[S&amp;S] Error formatting time string: TypeError: __vite_ssr_import_0__.CalendarTimeUtils.formatTimeComponent is not a function
    at CalendarDate.getTimeString [90m(/Users/rayners/Code/personal/fvtt-seasons-and-stars/[39mpackages/core/src/core/calendar-date.ts:390:41[90m)[39m
    at CalendarDate.toLongString [90m(/Users/rayners/Code/personal/fvtt-seasons-and-stars/[39mpackages/core/src/core/calendar-date.ts:202:47[90m)[39m
    at CalendarSelectionDialog.generateSampleDate [90m(/Users/rayners/Code/personal/fvtt-seasons-and-stars/[39mpackages/core/src/ui/calendar-selection-dialog.ts:406:35[90m)[39m
    at [90m/Users/rayners/Code/personal/fvtt-seasons-and-stars/[39mpackages/core/src/ui/calendar-selection-dialog.ts:125:59
    at Array.map (&lt;anonymous&gt;)
    at CalendarSelectionDialog._prepareContext [90m(/Users/rayners/Code/personal/fvtt-seasons-and-stars/[39mpackages/core/src/ui/calendar-selection-dialog.ts:100:64[90m)[39m
[90m    at processTicksAndRejections (node:internal/process/task_queues:105:5)[39m
    at [90m/Users/rayners/Code/personal/fvtt-seasons-and-stars/[39mpackages/core/test/calendar-selection-dialog-variants.test.ts:137:21
    at [90mfile:///Users/rayners/Code/personal/fvtt-seasons-and-stars/[39mnode_modules/[4m@vitest[24m/runner/dist/chunk-hooks.js:752:20
[S&amp;S] Error adding ordinal suffix: TypeError: __vite_ssr_import_0__.CalendarTimeUtils.addOrdinalSuffix is not a function
    at CalendarDate.addOrdinalSuffix [90m(/Users/rayners/Code/personal/fvtt-seasons-and-stars/[39mpackages/core/src/core/calendar-date.ts:410:32[90m)[39m
    at CalendarDate.getDayString [90m(/Users/rayners/Code/personal/fvtt-seasons-and-stars/[39mpackages/core/src/core/calendar-date.ts:346:21[90m)[39m
    at CalendarDate.toLongString [90m(/Users/rayners/Code/personal/fvtt-seasons-and-stars/[39mpackages/core/src/core/calendar-date.ts:200:31[90m)[39m
    at CalendarSelectionDialog.generateSampleDate [90m(/Users/rayners/Code/personal/fvtt-seasons-and-stars/[39mpackages/core/src/ui/calendar-selection-dialog.ts:406:35[90m)[39m
    at [90m/Users/rayners/Code/personal/fvtt-seasons-and-stars/[39mpackages/core/src/ui/calendar-selection-dialog.ts:125:59
    at Array.map (&lt;anonymous&gt;)
    at CalendarSelectionDialog._prepareContext [90m(/Users/rayners/Code/personal/fvtt-seasons-and-stars/[39mpackages/core/src/ui/calendar-selection-dialog.ts:100:64[90m)[39m
[90m    at processTicksAndRejections (node:internal/process/task_queues:105:5)[39m
    at [90m/Users/rayners/Code/personal/fvtt-seasons-and-stars/[39mpackages/core/test/calendar-selection-dialog-variants.test.ts:137:21
    at [90mfile:///Users/rayners/Code/personal/fvtt-seasons-and-stars/[39mnode_modules/[4m@vitest[24m/runner/dist/chunk-hooks.js:752:20
[S&amp;S] Error formatting time string: TypeError: __vite_ssr_import_0__.CalendarTimeUtils.formatTimeComponent is not a function
    at CalendarDate.getTimeString [90m(/Users/rayners/Code/personal/fvtt-seasons-and-stars/[39mpackages/core/src/core/calendar-date.ts:390:41[90m)[39m
    at CalendarDate.toLongString [90m(/Users/rayners/Code/personal/fvtt-seasons-and-stars/[39mpackages/core/src/core/calendar-date.ts:202:47[90m)[39m
    at CalendarSelectionDialog.generateSampleDate [90m(/Users/rayners/Code/personal/fvtt-seasons-and-stars/[39mpackages/core/src/ui/calendar-selection-dialog.ts:406:35[90m)[39m
    at [90m/Users/rayners/Code/personal/fvtt-seasons-and-stars/[39mpackages/core/src/ui/calendar-selection-dialog.ts:125:59
    at Array.map (&lt;anonymous&gt;)
[...]

            </system-out>
        </testcase>
    </testsuite>
    <testsuite name="packages/scifi-pack/test/star-trek-calendar-comprehensive.test.ts" timestamp="2025-07-10T02:12:14.373Z" hostname="Davids-Mac-mini.local" tests="20" failures="0" errors="0" skipped="0" time="0.12105975">
        <testcase classname="packages/scifi-pack/test/star-trek-calendar-comprehensive.test.ts" name="Star Trek Calendar Comprehensive Tests &gt; Federation Standard Date Formats &gt; should format federation standard date correctly" time="0.007382334">
        </testcase>
        <testcase classname="packages/scifi-pack/test/star-trek-calendar-comprehensive.test.ts" name="Star Trek Calendar Comprehensive Tests &gt; Federation Standard Date Formats &gt; should format short date correctly" time="0.003483125">
        </testcase>
        <testcase classname="packages/scifi-pack/test/star-trek-calendar-comprehensive.test.ts" name="Star Trek Calendar Comprehensive Tests &gt; Federation Standard Date Formats &gt; should format long date correctly" time="0.0038285">
        </testcase>
        <testcase classname="packages/scifi-pack/test/star-trek-calendar-comprehensive.test.ts" name="Star Trek Calendar Comprehensive Tests &gt; Stardate Calculations &gt; should calculate TNG era stardate correctly" time="0.002193541">
        </testcase>
        <testcase classname="packages/scifi-pack/test/star-trek-calendar-comprehensive.test.ts" name="Star Trek Calendar Comprehensive Tests &gt; Stardate Calculations &gt; should calculate DS9 era stardate correctly" time="0.003574625">
        </testcase>
        <testcase classname="packages/scifi-pack/test/star-trek-calendar-comprehensive.test.ts" name="Star Trek Calendar Comprehensive Tests &gt; Stardate Calculations &gt; should calculate Voyager era stardate correctly" time="0.0047695">
        </testcase>
        <testcase classname="packages/scifi-pack/test/star-trek-calendar-comprehensive.test.ts" name="Star Trek Calendar Comprehensive Tests &gt; Stardate Calculations &gt; should calculate Enterprise era stardate correctly" time="0.00889675">
        </testcase>
        <testcase classname="packages/scifi-pack/test/star-trek-calendar-comprehensive.test.ts" name="Star Trek Calendar Comprehensive Tests &gt; Stardate Calculations &gt; should calculate TOS era stardate correctly" time="0.010357166">
        </testcase>
        <testcase classname="packages/scifi-pack/test/star-trek-calendar-comprehensive.test.ts" name="Star Trek Calendar Comprehensive Tests &gt; Time Formatting &gt; should format time with padded hours, minutes, and seconds" time="0.007435458">
        </testcase>
        <testcase classname="packages/scifi-pack/test/star-trek-calendar-comprehensive.test.ts" name="Star Trek Calendar Comprehensive Tests &gt; Time Formatting &gt; should format time with double-digit values" time="0.011007958">
        </testcase>
        <testcase classname="packages/scifi-pack/test/star-trek-calendar-comprehensive.test.ts" name="Star Trek Calendar Comprehensive Tests &gt; Time Formatting &gt; should handle undefined time gracefully" time="0.007543166">
        </testcase>
        <testcase classname="packages/scifi-pack/test/star-trek-calendar-comprehensive.test.ts" name="Star Trek Calendar Comprehensive Tests &gt; Combined Formats &gt; should format starfleet command format correctly" time="0.004305084">
        </testcase>
        <testcase classname="packages/scifi-pack/test/star-trek-calendar-comprehensive.test.ts" name="Star Trek Calendar Comprehensive Tests &gt; Combined Formats &gt; should format diplomatic format correctly" time="0.009578958">
        </testcase>
        <testcase classname="packages/scifi-pack/test/star-trek-calendar-comprehensive.test.ts" name="Star Trek Calendar Comprehensive Tests &gt; Combined Formats &gt; should format official Federation date correctly" time="0.0065145">
        </testcase>
        <testcase classname="packages/scifi-pack/test/star-trek-calendar-comprehensive.test.ts" name="Star Trek Calendar Comprehensive Tests &gt; Widget Formats &gt; should format mini widget correctly" time="0.005450292">
        </testcase>
        <testcase classname="packages/scifi-pack/test/star-trek-calendar-comprehensive.test.ts" name="Star Trek Calendar Comprehensive Tests &gt; Widget Formats &gt; should format main widget correctly" time="0.007049125">
        </testcase>
        <testcase classname="packages/scifi-pack/test/star-trek-calendar-comprehensive.test.ts" name="Star Trek Calendar Comprehensive Tests &gt; Widget Formats &gt; should format grid widget correctly" time="0.002594833">
        </testcase>
        <testcase classname="packages/scifi-pack/test/star-trek-calendar-comprehensive.test.ts" name="Star Trek Calendar Comprehensive Tests &gt; Variant Formats &gt; should format command variant short correctly" time="0.004765417">
            <system-out>
[S&amp;S] Invalid template type passed to format(), falling back to basic format

            </system-out>
        </testcase>
        <testcase classname="packages/scifi-pack/test/star-trek-calendar-comprehensive.test.ts" name="Star Trek Calendar Comprehensive Tests &gt; Error Handling &gt; should handle invalid format names gracefully" time="0.004736875">
        </testcase>
        <testcase classname="packages/scifi-pack/test/star-trek-calendar-comprehensive.test.ts" name="Star Trek Calendar Comprehensive Tests &gt; Error Handling &gt; should handle malformed date objects gracefully" time="0.0044075">
            <system-out>
[S&amp;S] Month value 0 outside calendar range (1-12), using start of year fallback

            </system-out>
        </testcase>
    </testsuite>
    <testsuite name="packages/scifi-pack/test/star-trek-calendar-formatting.test.ts" timestamp="2025-07-10T02:12:14.374Z" hostname="Davids-Mac-mini.local" tests="6" failures="0" errors="0" skipped="0" time="0.039423917">
        <testcase classname="packages/scifi-pack/test/star-trek-calendar-formatting.test.ts" name="Star Trek Calendar Formatting &gt; Stardate Helper Tests &gt; should fail when using unregistered stardate helper" time="0.019339875">
        </testcase>
        <testcase classname="packages/scifi-pack/test/star-trek-calendar-formatting.test.ts" name="Star Trek Calendar Formatting &gt; Stardate Helper Tests &gt; should fail when using unregistered dateFmt helper" time="0.003064792">
        </testcase>
        <testcase classname="packages/scifi-pack/test/star-trek-calendar-formatting.test.ts" name="Star Trek Calendar Formatting &gt; Stardate Helper Tests &gt; should fail when using unregistered time helpers" time="0.003246916">
        </testcase>
        <testcase classname="packages/scifi-pack/test/star-trek-calendar-formatting.test.ts" name="Star Trek Calendar Formatting &gt; After fixing helper names &gt; should work after fixing to use ss-stardate helper" time="0.00539125">
            <system-out>
Testing stardate format with date: CalendarDate {
  year: [33m2370[39m,
  month: [33m1[39m,
  day: [33m15[39m,
  weekday: [33m0[39m,
  intercalary: [90mundefined[39m,
  time: [90mundefined[39m,
  calendar: {
    id: [32m&apos;gregorian&apos;[39m,
    translations: { en: [36m[Object][39m },
    year: {
      epoch: [33m0[39m,
      currentYear: [33m2024[39m,
      prefix: [32m&apos;&apos;[39m,
      suffix: [32m&apos; CE&apos;[39m,
      startDay: [33m6[39m
    },
    leapYear: { rule: [32m&apos;gregorian&apos;[39m, month: [32m&apos;February&apos;[39m, extraDays: [33m1[39m },
    months: [
      [36m[Object][39m, [36m[Object][39m,
      [36m[Object][39m, [36m[Object][39m,
      [36m[Object][39m, [36m[Object][39m,
      [36m[Object][39m, [36m[Object][39m,
      [36m[Object][39m, [36m[Object][39m,
      [36m[Object][39m, [36m[Object][39m
    ],
    weekdays: [
      [36m[Object][39m, [36m[Object][39m,
      [36m[Object][39m, [36m[Object][39m,
      [36m[Object][39m, [36m[Object][39m,
      [36m[Object][39m
    ],
    intercalary: [],
    seasons: [ [36m[Object][39m, [36m[Object][39m, [36m[Object][39m, [36m[Object][39m ],
    time: { hoursInDay: [33m24[39m, minutesInHour: [33m60[39m, secondsInMinute: [33m60[39m },
    moons: [ [36m[Object][39m ],
    dateFormats: {
      federation: [32m&apos;{{ss-month format=&quot;abbr&quot;}} {{ss-day}}, {{year}}&apos;[39m,
      [32m&apos;tos-stardate&apos;[39m: [32m&apos;{{ss-math year op=&quot;subtract&quot; value=1300}}.{{dayOfYear}}&apos;[39m,
      [32m&apos;tng-stardate&apos;[39m: [32m&apos;{{ss-stardate year prefix=&quot;47&quot; baseYear=2370 dayOfYear=dayOfYear precision=1}}&apos;[39m,
      [32m&apos;ds9-stardate&apos;[39m: [32m&apos;{{ss-stardate year prefix=&quot;52&quot; baseYear=2375 dayOfYear=dayOfYear precision=1}}&apos;[39m,
      [32m&apos;voyager-stardate&apos;[39m: [32m&apos;{{ss-stardate year prefix=&quot;53&quot; baseYear=2376 dayOfYear=dayOfYear precision=1}}&apos;[39m,
      [32m&apos;enterprise-stardate&apos;[39m: [32m&apos;{{ss-stardate year prefix=&quot;0&quot; baseYear=2151 dayOfYear=dayOfYear precision=2}}&apos;[39m,
      starfleet: [32m&apos;Stardate {{ss-dateFmt formatName=&quot;tng-stardate&quot;}}&apos;[39m,
      tos: [32m&apos;Stardate {{ss-dateFmt formatName=&quot;tos-stardate&quot;}}&apos;[39m,
      tng: [32m&apos;Stardate {{ss-dateFmt formatName=&quot;tng-stardate&quot;}}&apos;[39m,
      ds9: [32m&apos;Stardate {{ss-dateFmt formatName=&quot;ds9-stardate&quot;}}&apos;[39m,
      voyager: [32m&apos;Stardate {{ss-dateFmt formatName=&quot;voyager-stardate&quot;}}&apos;[39m,
      enterprise: [32m&apos;Stardate {{ss-dateFmt formatName=&quot;enterprise-stardate&quot;}}&apos;[39m,
      short: [32m&apos;{{ss-month format=&quot;abbr&quot;}} {{ss-day}}&apos;[39m,
      long: [32m&apos;{{ss-weekday format=&quot;name&quot;}}, {{ss-month format=&quot;name&quot;}} {{ss-day format=&quot;ordinal&quot;}}, {{year}}&apos;[39m,
      date: [32m&apos;{{ss-weekday format=&quot;name&quot;}}, {{ss-month format=&quot;name&quot;}} {{ss-day format=&quot;ordinal&quot;}}, {{year}}&apos;[39m,
      time: [32m&apos;{{ss-hour format=&quot;pad&quot;}}:{{ss-minute format=&quot;pad&quot;}}:{{ss-second format=&quot;pad&quot;}} UTC&apos;[39m,
      datetime: [32m&apos;{{ss-dateFmt formatName=&quot;date&quot;}} at {{ss-dateFmt formatName=&quot;time&quot;}}&apos;[39m,
      official: [32m&apos;Federation Standard Date: {{ss-month format=&quot;name&quot;}} {{ss-day format=&quot;ordinal&quot;}}, {{year}}&apos;[39m,
      [32m&apos;command-log&apos;[39m: [32m&apos;{{ss-dateFmt formatName=&quot;tng&quot;}} - {{ss-dateFmt formatName=&quot;federation&quot;}}&apos;[39m,
      diplomatic: [32m&apos;{{ss-dateFmt formatName=&quot;federation&quot;}} ({{ss-dateFmt formatName=&quot;tng-stardate&quot;}})&apos;[39m,
      variants: [36m[Object][39m,
      widgets: [36m[Object][39m
    }
  },
  formatter: DateFormatter {
    templateCache: Map(0) {},
    calendar: {
      id: [32m&apos;gregorian&apos;[39m,
      translations: [36m[Object][39m,
      year: [36m[Object][39m,
      leapYear: [36m[Object][39m,
      months: [36m[Array][39m,
      weekdays: [36m[Array][39m,
      intercalary: [],
      seasons: [36m[Array][39m,
      time: [36m[Object][39m,
      moons: [36m[Array][39m,
      dateFormats: [36m[Object][39m
    }
  }
}
Stardate result: {{ss-weekday format=&quot;name&quot;}}, {{ss-day format=&quot;ordinal&quot;}} {{ss-month format=&quot;name&quot;}}, 2370

            </system-out>
        </testcase>
        <testcase classname="packages/scifi-pack/test/star-trek-calendar-formatting.test.ts" name="Star Trek Calendar Formatting &gt; After fixing helper names &gt; should work after fixing to use ss-dateFmt and ss-time helpers" time="0.004932709">
        </testcase>
        <testcase classname="packages/scifi-pack/test/star-trek-calendar-formatting.test.ts" name="Star Trek Calendar Formatting &gt; After fixing helper names &gt; should format starfleet using ss-dateFmt helper" time="0.002659083">
        </testcase>
    </testsuite>
    <testsuite name="packages/scifi-pack/test/star-trek-calendar-syntax-validation.test.ts" timestamp="2025-07-10T02:12:14.375Z" hostname="Davids-Mac-mini.local" tests="3" failures="0" errors="0" skipped="0" time="0.008581792">
        <testcase classname="packages/scifi-pack/test/star-trek-calendar-syntax-validation.test.ts" name="Star Trek Calendar Syntax Validation &gt; Real Calendar File Format Validation &gt; should use correct parameter syntax in time format (fixed from colon syntax)" time="0.005337375">
        </testcase>
        <testcase classname="packages/scifi-pack/test/star-trek-calendar-syntax-validation.test.ts" name="Star Trek Calendar Syntax Validation &gt; Real Calendar File Format Validation &gt; should validate that ss-stardate helper calls are properly formed" time="0.000998625">
        </testcase>
        <testcase classname="packages/scifi-pack/test/star-trek-calendar-syntax-validation.test.ts" name="Star Trek Calendar Syntax Validation &gt; Array Bounds in calculateDayOfYear &gt; should fail when accessing months array with invalid indices" time="0.000782417">
            <system-out>
[S&amp;S] Month value 13 outside calendar range (1-12), using start of year fallback

            </system-out>
        </testcase>
    </testsuite>
    <testsuite name="packages/scifi-pack/test/star-trek-variant-manual.test.ts" timestamp="2025-07-10T02:12:14.375Z" hostname="Davids-Mac-mini.local" tests="1" failures="0" errors="0" skipped="0" time="0.005425875">
        <testcase classname="packages/scifi-pack/test/star-trek-variant-manual.test.ts" name="Star Trek Variant Manual Test &gt; should manually process Star Trek variant dateFormats" time="0.004841041">
            <system-out>
Federation calendar dateFormats: {
  &quot;federation&quot;: &quot;{{ss-month format=\&quot;abbr\&quot;}} {{ss-day}}, {{year}}&quot;,
  &quot;tos-stardate&quot;: &quot;{{ss-math year op=\&quot;subtract\&quot; value=1300}}.{{dayOfYear}}&quot;,
  &quot;tng-stardate&quot;: &quot;{{ss-stardate year prefix=\&quot;47\&quot; baseYear=2370 dayOfYear=dayOfYear precision=1}}&quot;,
  &quot;ds9-stardate&quot;: &quot;{{ss-stardate year prefix=\&quot;52\&quot; baseYear=2375 dayOfYear=dayOfYear precision=1}}&quot;,
  &quot;voyager-stardate&quot;: &quot;{{ss-stardate year prefix=\&quot;53\&quot; baseYear=2376 dayOfYear=dayOfYear precision=1}}&quot;,
  &quot;enterprise-stardate&quot;: &quot;{{ss-stardate year prefix=\&quot;0\&quot; baseYear=2151 dayOfYear=dayOfYear precision=2}}&quot;,
  &quot;starfleet&quot;: &quot;Stardate {{ss-dateFmt formatName=\&quot;tng-stardate\&quot;}}&quot;,
  &quot;tos&quot;: &quot;Stardate {{ss-dateFmt formatName=\&quot;tos-stardate\&quot;}}&quot;,
  &quot;tng&quot;: &quot;Stardate {{ss-dateFmt formatName=\&quot;tng-stardate\&quot;}}&quot;,
  &quot;ds9&quot;: &quot;Stardate {{ss-dateFmt formatName=\&quot;ds9-stardate\&quot;}}&quot;,
  &quot;voyager&quot;: &quot;Stardate {{ss-dateFmt formatName=\&quot;voyager-stardate\&quot;}}&quot;,
  &quot;enterprise&quot;: &quot;Stardate {{ss-dateFmt formatName=\&quot;enterprise-stardate\&quot;}}&quot;,
  &quot;short&quot;: &quot;{{ss-month format=\&quot;abbr\&quot;}} {{ss-day}}&quot;,
  &quot;long&quot;: &quot;{{ss-weekday format=\&quot;name\&quot;}}, {{ss-month format=\&quot;name\&quot;}} {{ss-day format=\&quot;ordinal\&quot;}}, {{year}}&quot;,
  &quot;date&quot;: &quot;{{ss-weekday format=\&quot;name\&quot;}}, {{ss-month format=\&quot;name\&quot;}} {{ss-day format=\&quot;ordinal\&quot;}}, {{year}}&quot;,
  &quot;time&quot;: &quot;{{ss-hour format=\&quot;pad\&quot;}}:{{ss-minute format=\&quot;pad\&quot;}}:{{ss-second format=\&quot;pad\&quot;}} UTC&quot;,
  &quot;datetime&quot;: &quot;{{ss-dateFmt formatName=\&quot;date\&quot;}} at {{ss-dateFmt formatName=\&quot;time\&quot;}}&quot;,
  &quot;official&quot;: &quot;Federation Standard Date: {{ss-month format=\&quot;name\&quot;}} {{ss-day format=\&quot;ordinal\&quot;}}, {{year}}&quot;,
  &quot;command-log&quot;: &quot;{{ss-dateFmt formatName=\&quot;tng\&quot;}} - {{ss-dateFmt formatName=\&quot;federation\&quot;}}&quot;,
  &quot;diplomatic&quot;: &quot;{{ss-dateFmt formatName=\&quot;federation\&quot;}} ({{ss-dateFmt formatName=\&quot;tng-stardate\&quot;}})&quot;,
  &quot;variants&quot;: {
    &quot;command&quot;: {
      &quot;short&quot;: &quot;SD {{ss-dateFmt formatName=\&quot;tng-stardate\&quot;}}&quot;,
      &quot;long&quot;: &quot;{{ss-dateFmt formatName=\&quot;tng\&quot;}} - {{ss-dateFmt formatName=\&quot;federation\&quot;}}&quot;
    },
    &quot;civilian&quot;: {
      &quot;short&quot;: &quot;{{ss-month format=\&quot;abbr\&quot;}} {{ss-day}}/{{year}}&quot;,
      &quot;long&quot;: &quot;{{ss-dateFmt formatName=\&quot;federation\&quot;}} ({{ss-dateFmt formatName=\&quot;starfleet\&quot;}})&quot;
    },
    &quot;temporal&quot;: {
      &quot;tos&quot;: &quot;TOS Era: {{ss-dateFmt formatName=\&quot;tos\&quot;}}&quot;,
      &quot;tng&quot;: &quot;TNG Era: {{ss-dateFmt formatName=\&quot;tng\&quot;}}&quot;,
      &quot;ds9&quot;: &quot;DS9 Era: {{ss-dateFmt formatName=\&quot;ds9\&quot;}}&quot;,
      &quot;voyager&quot;: &quot;VOY Era: {{ss-dateFmt formatName=\&quot;voyager\&quot;}}&quot;
    }
  },
  &quot;widgets&quot;: {
    &quot;mini&quot;: &quot;SD {{ss-dateFmt formatName=\&quot;tng-stardate\&quot;}}&quot;,
    &quot;main&quot;: &quot;{{ss-weekday format=\&quot;abbr\&quot;}}, {{ss-month format=\&quot;name\&quot;}} {{ss-day format=\&quot;ordinal\&quot;}}&quot;,
    &quot;grid&quot;: &quot;{{ss-day}}&quot;
  }
}

            </system-out>
        </testcase>
    </testsuite>
    <testsuite name="packages/core/test/calendars/cross-calendar-consistency.test.ts" timestamp="2025-07-10T02:12:14.375Z" hostname="Davids-Mac-mini.local" tests="2" failures="0" errors="0" skipped="0" time="0.064378083">
        <testcase classname="packages/core/test/calendars/cross-calendar-consistency.test.ts" name="Cross-Calendar Consistency Tests &gt; 📊 Cross-Calendar Consistency Tests &gt; All fantasy calendars should handle basic date operations consistently" time="0.045131917">
            <system-out>

=== CROSS-CALENDAR CONSISTENCY TEST ===

WFRP Calendar:
  Start of year: 2523/1/1
  Weekday: 6 (Angestag)
  WorldTime: 87194880000
  Round-trip: 2523/1/1
  Year length: 400 days
  ✅ Basic operations successful

Dark Sun Calendar:
  Start of year: 103/1/1
  Weekday: 0 (1 Day)
  WorldTime: 3337200000
  Round-trip: 103/1/1
  Year length: 375 days
  ✅ Basic operations successful

Forbidden Lands Calendar:
  Start of year: 1166/1/1
  Weekday: 0 (Sunday)
  WorldTime: 36670233600
  Round-trip: 1166/1/1
  Year length: 364 days
  ✅ Basic operations successful

Exandrian Calendar:
  Start of year: 813/1/1
  Weekday: 2 (Whelsen)
  WorldTime: 23039769600
  Round-trip: 813/1/1
  Year length: 328 days
  ✅ Basic operations successful

✅ CROSS-CALENDAR: All fantasy calendars handle basic operations consistently

            </system-out>
        </testcase>
        <testcase classname="packages/core/test/calendars/cross-calendar-consistency.test.ts" name="Cross-Calendar Consistency Tests &gt; 📊 Cross-Calendar Consistency Tests &gt; Calendar-specific features should not break common functionality" time="0.018571791">
            <system-out>

=== CALENDAR FEATURE ISOLATION TEST ===

WFRP (with intercalary):
  Start: 2523/1/1
  +1 day: 2523/1/2
  +7 days: 2523/1/8
  +30 days: 2523/1/31
  ✅ Date arithmetic works correctly

Dark Sun (with special weekdays):
  Start: 103/1/1
  +1 day: 103/1/2
  +7 days: 103/1/8
  +30 days: 103/2/1
  ✅ Date arithmetic works correctly

Forbidden Lands (with seasons):
  Start: 1166/1/1
  +1 day: 1166/1/2
  +7 days: 1166/1/8
  +30 days: 1166/1/31
  ✅ Date arithmetic works correctly

Exandrian (Critical Role):
  Start: 813/1/1
  +1 day: 813/1/2
  +7 days: 813/1/8
  +30 days: 813/2/2
  ✅ Date arithmetic works correctly

✅ FEATURE ISOLATION: Calendar-specific features do not break common functionality

            </system-out>
        </testcase>
    </testsuite>
</testsuites>
